[INFO] Scanning for projects...
[INFO] 
[INFO] --------------------< com.ecommerce:admin-service >---------------------
[INFO] Building admin-service 0.0.1-SNAPSHOT
[INFO]   from pom.xml
[INFO] --------------------------------[ jar ]---------------------------------
[INFO] 
[INFO] >>> spring-boot:3.5.14:run (default-cli) > test-compile @ admin-service >>>
[INFO] 
[INFO] --- resources:3.3.1:resources (default-resources) @ admin-service ---
[INFO] Copying 4 resources from src\main\resources to target\classes
[INFO] Copying 3 resources from src\main\resources to target\classes
[INFO] 
[INFO] --- compiler:3.14.1:compile (default-compile) @ admin-service ---
[INFO] Recompiling the module because of added or removed source files.
[INFO] Compiling 164 source files with javac [debug parameters release 17] to target\classes
[WARNING] /c:/completeproject/flintnthread-platform/admin-service/src/main/java/com/ecommerce/adminbackend/logging/AdminRequestLoggingFilter.java:[42,55] ContentCachingRequestWrapper(jakarta.servlet.http.HttpServletRequest) in org.springframework.web.util.ContentCachingRequestWrapper has been deprecated and marked for removal
[INFO] /c:/completeproject/flintnthread-platform/admin-service/src/main/java/com/ecommerce/adminbackend/service/impl/PayoutAdminServiceImpl.java: c:\completeproject\flintnthread-platform\admin-service\src\main\java\com\ecommerce\adminbackend\service\impl\PayoutAdminServiceImpl.java uses unchecked or unsafe operations.
[INFO] /c:/completeproject/flintnthread-platform/admin-service/src/main/java/com/ecommerce/adminbackend/service/impl/PayoutAdminServiceImpl.java: Recompile with -Xlint:unchecked for details.
[INFO] 
[INFO] --- resources:3.3.1:testResources (default-testResources) @ admin-service ---
[INFO] skip non existing resourceDirectory c:\completeproject\flintnthread-platform\admin-service\src\test\resources
[INFO] 
[INFO] --- compiler:3.14.1:testCompile (default-testCompile) @ admin-service ---
[INFO] Recompiling the module because of changed dependency.
[INFO] Compiling 1 source file with javac [debug parameters release 17] to target\test-classes
[INFO] 
[INFO] <<< spring-boot:3.5.14:run (default-cli) < test-compile @ admin-service <<<
[INFO] 
[INFO] 
[INFO] --- spring-boot:3.5.14:run (default-cli) @ admin-service ---
[INFO] Attaching agents: []
17:19:29.576 [main] INFO com.ecommerce.adminbackend.AdminBackendApplication -- Starting admin-backend...
17:19:29.890 [restartedMain] INFO com.ecommerce.adminbackend.AdminBackendApplication -- Starting admin-backend...

  .   ____          _            __ _ _
 /\\ / ___'_ __ _ _(_)_ __  __ _ \ \ \ \
( ( )\___ | '_ | '_| | '_ \/ _` | \ \ \ \
 \\/  ___)| |_)| | | | | || (_| |  ) ) ) )
  '  |____| .__|_| |_|_| |_\__, | / / / /
 =========|_|==============|___/=/_/_/_/

 :: Spring Boot ::               (v3.5.14)

2026-06-27 17:19:30.651 INFO  [restartedMain] c.e.adminbackend.AdminBackendApplication - Starting AdminBackendApplication using Java 17.0.4.1 with PID 39748 (c:\completeproject\flintnthread-platform\admin-service\target\classes started by adari in c:\completeproject\flintnthread-platform\admin-service)
2026-06-27 17:19:30.651 INFO  [restartedMain] c.e.adminbackend.AdminBackendApplication - The following 1 profile is active: "local"
2026-06-27 17:19:30.748 INFO  [restartedMain] o.s.b.d.e.DevToolsPropertyDefaultsPostProcessor - Devtools property defaults active! Set 'spring.devtools.add-properties' to 'false' to disable
2026-06-27 17:19:30.748 INFO  [restartedMain] o.s.b.d.e.DevToolsPropertyDefaultsPostProcessor - For additional web related logging consider setting the 'logging.level.web' property to 'DEBUG'
2026-06-27 17:19:32.002 INFO  [restartedMain] o.s.d.r.c.RepositoryConfigurationDelegate - Bootstrapping Spring Data JPA repositories in DEFAULT mode.
2026-06-27 17:19:32.177 INFO  [restartedMain] o.s.d.r.c.RepositoryConfigurationDelegate - Finished Spring Data repository scanning in 168 ms. Found 31 JPA repository interfaces.
2026-06-27 17:19:33.013 INFO  [restartedMain] o.s.b.w.embedded.tomcat.TomcatWebServer - Tomcat initialized with port 8082 (http)
2026-06-27 17:19:33.029 INFO  [restartedMain] o.apache.catalina.core.StandardService - Starting service [Tomcat]
2026-06-27 17:19:33.029 INFO  [restartedMain] org.apache.catalina.core.StandardEngine - Starting Servlet engine: [Apache Tomcat/10.1.54]
2026-06-27 17:19:33.086 INFO  [restartedMain] o.a.c.c.C.[Tomcat].[localhost].[/] - Initializing Spring embedded WebApplicationContext
2026-06-27 17:19:33.086 INFO  [restartedMain] o.s.b.w.s.c.ServletWebServerApplicationContext - Root WebApplicationContext: initialization completed in 2338 ms
2026-06-27 17:19:33.331 INFO  [restartedMain] o.hibernate.jpa.internal.util.LogHelper - HHH000204: Processing PersistenceUnitInfo [name: default]
2026-06-27 17:19:33.395 INFO  [restartedMain] org.hibernate.Version - HHH000412: Hibernate ORM core version 6.6.49.Final
2026-06-27 17:19:33.446 INFO  [restartedMain] o.h.c.internal.RegionFactoryInitiator - HHH000026: Second-level cache disabled
2026-06-27 17:19:33.780 INFO  [restartedMain] o.s.o.j.p.SpringPersistenceUnitInfo - No LoadTimeWeaver setup: ignoring JPA class transformer
2026-06-27 17:19:33.815 INFO  [restartedMain] com.zaxxer.hikari.HikariDataSource - HikariPool-1 - Starting...
2026-06-27 17:19:34.245 INFO  [restartedMain] com.zaxxer.hikari.pool.HikariPool - HikariPool-1 - Added connection com.mysql.cj.jdbc.ConnectionImpl@5da3df7
2026-06-27 17:19:34.245 INFO  [restartedMain] com.zaxxer.hikari.HikariDataSource - HikariPool-1 - Start completed.
2026-06-27 17:19:34.311 WARN  [restartedMain] org.hibernate.orm.deprecation - HHH90000025: MySQLDialect does not need to be specified explicitly using 'hibernate.dialect' (remove the property setting and it will be selected by default)
2026-06-27 17:19:34.328 INFO  [restartedMain] org.hibernate.orm.connections.pooling - HHH10001005: Database info:
	Database JDBC URL [Connecting through datasource 'HikariDataSource (HikariPool-1)']
	Database driver: undefined/unknown
	Database version: 8.0.45
	Autocommit mode: undefined/unknown
	Isolation level: undefined/unknown
	Minimum pool size: undefined/unknown
	Maximum pool size: undefined/unknown
2026-06-27 17:19:35.826 INFO  [restartedMain] o.h.e.t.j.p.i.JtaPlatformInitiator - HHH000489: No JTA platform available (set 'hibernate.transaction.jta.platform' to enable JTA platform integration)
2026-06-27 17:19:35.827 INFO  [restartedMain] o.s.o.j.LocalContainerEntityManagerFactoryBean - Initialized JPA EntityManagerFactory for persistence unit 'default'
2026-06-27 17:19:36.193 INFO  [restartedMain] o.s.d.j.r.query.QueryEnhancerFactory - Hibernate is in classpath; If applicable, HQL parser will be used.
2026-06-27 17:19:39.504 WARN  [restartedMain] o.s.b.a.o.j.JpaBaseConfiguration$JpaWebConfiguration - spring.jpa.open-in-view is enabled by default. Therefore, database queries may be performed during view rendering. Explicitly configure spring.jpa.open-in-view to disable this warning
2026-06-27 17:19:39.815 WARN  [restartedMain] o.s.b.a.s.s.UserDetailsServiceAutoConfiguration - 

Using generated security password: fbfdd70d-6535-49a0-b583-010ce3033dcf

This generated password is for development use only. Your security configuration must be updated before running your application in production.

2026-06-27 17:19:39.837 INFO  [restartedMain] o.s.s.c.a.a.c.InitializeUserDetailsBeanManagerConfigurer$InitializeUserDetailsManagerConfigurer - Global AuthenticationManager configured with UserDetailsService bean with name inMemoryUserDetailsManager
2026-06-27 17:19:40.408 WARN  [restartedMain] o.s.b.d.a.OptionalLiveReloadServer - Unable to start LiveReload server
2026-06-27 17:19:40.502 INFO  [restartedMain] o.s.b.w.embedded.tomcat.TomcatWebServer - Tomcat started on port 8082 (http) with context path '/'
2026-06-27 17:19:40.512 INFO  [restartedMain] c.e.adminbackend.AdminBackendApplication - Started AdminBackendApplication in 10.613 seconds (process running for 11.289)
2026-06-27 17:19:40.653 DEBUG [restartedMain] org.hibernate.SQL - 
    select
        au1_0.id 
    from
        admin_users au1_0 
    where
        upper(au1_0.email)=upper(?) 
    limit
        ?
Hibernate: 
    select
        au1_0.id 
    from
        admin_users au1_0 
    where
        upper(au1_0.email)=upper(?) 
    limit
        ?
2026-06-27 17:19:40.668 TRACE [restartedMain] org.hibernate.orm.jdbc.bind - binding parameter (1:VARCHAR) <- [admin@flintnthread.in]
2026-06-27 17:19:40.669 TRACE [restartedMain] org.hibernate.orm.jdbc.bind - binding parameter (2:INTEGER) <- [1]
2026-06-27 17:19:40.686 INFO  [restartedMain] c.e.adminbackend.AdminBackendApplication - admin-backend is ready and accepting requests on port 8082
2026-06-27 17:20:13.624 INFO  [http-nio-0.0.0.0-8082-exec-1] o.a.c.c.C.[Tomcat].[localhost].[/] - Initializing Spring DispatcherServlet 'dispatcherServlet'
2026-06-27 17:20:13.624 INFO  [http-nio-0.0.0.0-8082-exec-1] o.s.web.servlet.DispatcherServlet - Initializing Servlet 'dispatcherServlet'
2026-06-27 17:20:13.639 INFO  [http-nio-0.0.0.0-8082-exec-1] o.s.web.servlet.DispatcherServlet - Completed initialization in 15 ms
2026-06-27 17:20:13.725 INFO  [http-nio-0.0.0.0-8082-exec-1] c.e.a.logging.AdminRequestLoggingFilter - API GET /api/admin/health -> 200 (82 ms)
2026-06-27 17:20:13.740 INFO  [http-nio-0.0.0.0-8082-exec-2] c.e.a.logging.AdminRequestLoggingFilter - API GET /api/admin/health -> 200 (0 ms)
2026-06-27 17:21:30.902 DEBUG [http-nio-0.0.0.0-8082-exec-5] org.hibernate.SQL - 
    select
        au1_0.id,
        au1_0.created_at,
        au1_0.email,
        au1_0.last_login,
        au1_0.name,
        au1_0.password,
        au1_0.role,
        au1_0.status,
        au1_0.updated_at,
        au1_0.username 
    from
        admin_users au1_0 
    where
        upper(au1_0.email)=upper(?)
Hibernate: 
    select
        au1_0.id,
        au1_0.created_at,
        au1_0.email,
        au1_0.last_login,
        au1_0.name,
        au1_0.password,
        au1_0.role,
        au1_0.status,
        au1_0.updated_at,
        au1_0.username 
    from
        admin_users au1_0 
    where
        upper(au1_0.email)=upper(?)
2026-06-27 17:21:30.902 TRACE [http-nio-0.0.0.0-8082-exec-5] org.hibernate.orm.jdbc.bind - binding parameter (1:VARCHAR) <- [admin@flintnthread.in]
2026-06-27 17:21:31.009 WARN  [http-nio-0.0.0.0-8082-exec-5] c.e.a.exception.GlobalExceptionHandler - Unauthorized: Invalid email or password.
2026-06-27 17:21:31.014 WARN  [http-nio-0.0.0.0-8082-exec-5] o.s.w.s.m.m.a.ExceptionHandlerExceptionResolver - Resolved [com.ecommerce.adminbackend.exception.UnauthorizedException: Invalid email or password.]
2026-06-27 17:21:31.015 WARN  [http-nio-0.0.0.0-8082-exec-5] c.e.a.logging.AdminRequestLoggingFilter - API POST /api/admin/auth/login -> 401 (246 ms)
