Diagnose log at 2026-06-27T07:28:03Z

AppPath: C:\Program Files\Git\mingw64\bin\git-credential-manager.exe
InstallDir: C:\Program Files\Git\mingw64\bin\
Version: 2.6.1+786ab03440ddc82e807a97c0e540f5247e44cec6

------------
Diagnostic: Environment
Skipped: False
Success: True
Exception: None
Log:
OSType: Windows
OSVersion: 10.0 (build 26200)
Reading environment variables... OK
 Variables:
EFC_9676_1592913036=1
DriverData=C:\Windows\System32\Drivers\DriverData
TERMINAL_EMULATOR=JetBrains-JediTerm
GIT_TRACE2_PARENT_SID=77100664-e8f5-4e67-a52b-9143558261ca
CommonProgramFiles(x86)=C:\Program Files (x86)\Common Files
OneDrive=C:\Users\adari\OneDrive
INTELLIJ_TERMINAL_COMMAND_BLOCKS_REWORKED=1
HOMEPATH=\Users\adari
RegionCode=APJ
EFC_9676_1262719628=1
TMP=C:\Users\adari\AppData\Local\Temp
HOME=C:\Users\adari
LC_CTYPE=C.UTF-8
PROCESSOR_ARCHITECTURE=x86
PATHEXT=.COM;.EXE;.BAT;.CMD;.VBS;.VBE;.JS;.JSE;.WSF;.WSH;.MSC;.CPL
GIT_EXEC_PATH=C:/Program Files/Git/mingw64/libexec/git-core
JETBRAINS_INTELLIJ_COMMAND_END_MARKER=FNqvYEY2xxojgfzyBkYMgDIHQYiPbODc8ouFeXgEiJcL7HVzc2qnOk6wL58g2TLx
TEMP=C:\Users\adari\AppData\Local\Temp
LOCALAPPDATA=C:\Users\adari\AppData\Local
MSYSTEM=MINGW64
TERM=xterm-256color
M2_HOME=C:\Users\adari\maveen\apache-maven-3.9.2
ProgramData=C:\ProgramData
JAVA_HOME=C:\Program Files\java\jdk-17.0.4.1
USERDOMAIN=KUSUMA
ProgramFiles(x86)=C:\Program Files (x86)
platformcode=KV
PROCESSOR_REVISION=9a04
Path=C:/Program Files/Git/mingw64/libexec/git-core;C:\Program Files\Git\mingw64\bin;C:\Program Files\Git\usr\bin;C:\Users\adari\bin;C:\WINDOWS\system32;C:\WINDOWS;C:\WINDOWS\System32\Wbem;C:\WINDOWS\System32\WindowsPowerShell\v1.0\;C:\WINDOWS\System32\OpenSSH\;C:\Program Files\Git\cmd;C:\Program Files\nodejs\;C:\WINDOWS\system32;C:\WINDOWS;C:\WINDOWS\System32\Wbem;C:\WINDOWS\System32\WindowsPowerShell\v1.0\;C:\WINDOWS\System32\OpenSSH\;C:\Program Files (x86)\Microsoft SQL Server\160\DTS\Binn\;C:\Program Files\Microsoft SQL Server Migration Assistant for MySQL\bin\;C:\Program Files\dotnet\;C:\Program Files\MySQL\MySQL Shell 8.0\bin\;C:\Program Files\MySQL\MySQL Server 8.0\bin;C:\Users\adari\AppData\Local\Microsoft\WindowsApps;C:\Program Files\nodejs;C:\Program Files\java\jdk-17.0.4.1\bin;C:\Users\adari\maveen\apache-maven-3.9.2\bin;C:\Program Files\OpenSSL-Win64\bin;C:\Users\adari\AppData\Roaming\npm;C:\Users\adari\AppData\Local\Programs\Microsoft VS Code\bin;C:\Program Files\JetBrains\IntelliJ IDEA Community Edition 2025.2.1\bin;C:\Users\adari\AppData\Local\Android\Sdk\platform-tools;C:\Users\adari\AppData\Local\Android\Sdk\emulator;C:\Users\adari\AppData\Local\Android\Sdk\tools;C:\Users\adari\AppData\Local\Android\Sdk\tools\bin;C:\Users\adari\AppData\Local\Programs\cursor\resources\app\bin;C:\Users\adari\AppData\Local\Programs\Windsurf\bin
PROCESSOR_LEVEL=6
PROCESSOR_IDENTIFIER=Intel64 Family 6 Model 154 Stepping 4, GenuineIntel
TMPDIR=C:\Users\adari\AppData\Local\Temp
EFC_9676_2775293581=1
EFC_9676_3789132940=1
PROCESS_LAUNCHED_BY_CW=1
PSModulePath=C:\Users\adari\OneDrive\Documents\WindowsPowerShell\Modules;C:\Program Files\WindowsPowerShell\Modules;C:\WINDOWS\system32\WindowsPowerShell\v1.0\Modules
PUBLIC=C:\Users\Public
NUMBER_OF_PROCESSORS=12
FPS_BROWSER_USER_PROFILE_STRING=Default
CommonProgramFiles=C:\Program Files (x86)\Common Files
PLINK_PROTOCOL=ssh
COLORTERM=truecolor
ProgramW6432=C:\Program Files
ProgramFiles=C:\Program Files (x86)
FPS_BROWSER_APP_PROFILE_STRING=Internet Explorer
OnlineServices=Online Services
SystemRoot=C:\WINDOWS
ANDROID_HOME=C:\Users\adari\AppData\Local\Android\Sdk
TERM_SESSION_ID=4ecead8a-dc10-4696-9e16-688d5abd3c88
COMPUTERNAME=KUSUMA
CommonProgramW6432=C:\Program Files\Common Files
ZES_ENABLE_SYSMAN=1
LOGONSERVER=\\KUSUMA
FIG_TERM=1
USERPROFILE=C:\Users\adari
IntelliJ IDEA Community Edition=C:\Program Files\JetBrains\IntelliJ IDEA Community Edition 2025.2.1\bin
EFC_9676_2283032206=1
USERDOMAIN_ROAMINGPROFILE=KUSUMA
APPDATA=C:\Users\adari\AppData\Roaming
HOMEDRIVE=C:
SESSIONNAME=Console
PROCESS_LAUNCHED_BY_Q=1
USERNAME=adari
PROCESSOR_ARCHITEW6432=AMD64
EFC_9676_4126798990=1
PSExecutionPolicyPreference=Bypass
OS=Windows_NT
ComSpec=C:\WINDOWS\system32\cmd.exe
SystemDrive=C:
windir=C:\WINDOWS
OneDriveConsumer=C:\Users\adari\OneDrive
ALLUSERSPROFILE=C:\ProgramData


------------
Diagnostic: File system
Skipped: False
Success: True
Exception: None
Log:
Temporary directory is 'C:\Users\adari\AppData\Local\Temp\'...
Checking basic file I/O...
Writing to temporary file 'C:\Users\adari\AppData\Local\Temp\80ca44ec8a8a894b233c6e60'... OK
Reading from temporary file 'C:\Users\adari\AppData\Local\Temp\80ca44ec8a8a894b233c6e60'... OK
Deleting temporary file 'C:\Users\adari\AppData\Local\Temp\80ca44ec8a8a894b233c6e60'... OK
Testing IFileSystem instance...
UserHomePath: C:\Users\adari
UserDataDirectoryPath: C:\Users\adari\.gcm
GetCurrentDirectory(): C:\completeproject\flintnthread-platform

------------
Diagnostic: Networking
Skipped: False
Success: True
Exception: None
Log:
Checking networking and HTTP stack...
Creating HTTP client... OK
IsNetworkAvailable: True
Sending HEAD request to http://example.com...Sending HEAD request to https://example.com... OK
 OK
Acquiring free TCP port... OK
Testing local HTTP loopback connections...
Creating new HTTP listener for http://localhost:64469/... OK
Waiting for loopback connection... OK
Writing response... OK
Waiting for response data... OK
Loopback connection data OK

------------
Diagnostic: Git
Skipped: False
Success: True
Exception: None
Log:
Getting Git version... OK
Git version is '2.47.1.windows.2'
Locating current repository...Git repository at 'C:/completeproject/flintnthread-platform/.git'
 OK
Listing all Git configuration... OK
Git configuration:
file:C:/Program Files/Git/etc/gitconfig	diff.astextplain.textconv=astextplain
file:C:/Program Files/Git/etc/gitconfig	filter.lfs.clean=git-lfs clean -- %f
file:C:/Program Files/Git/etc/gitconfig	filter.lfs.smudge=git-lfs smudge -- %f
file:C:/Program Files/Git/etc/gitconfig	filter.lfs.process=git-lfs filter-process
file:C:/Program Files/Git/etc/gitconfig	filter.lfs.required=true
file:C:/Program Files/Git/etc/gitconfig	http.sslbackend=openssl
file:C:/Program Files/Git/etc/gitconfig	http.sslcainfo=C:/Program Files/Git/mingw64/etc/ssl/certs/ca-bundle.crt
file:C:/Program Files/Git/etc/gitconfig	core.autocrlf=true
file:C:/Program Files/Git/etc/gitconfig	core.fscache=true
file:C:/Program Files/Git/etc/gitconfig	core.symlinks=false
file:C:/Program Files/Git/etc/gitconfig	pull.rebase=false
file:C:/Program Files/Git/etc/gitconfig	credential.helper=manager
file:C:/Program Files/Git/etc/gitconfig	credential.https://dev.azure.com.usehttppath=true
file:C:/Program Files/Git/etc/gitconfig	init.defaultbranch=master
file:C:/Users/adari/.gitconfig	user.email=flintandthread@gmail.com
file:C:/Users/adari/.gitconfig	user.name=flintnthread
file:C:/Users/adari/.gitconfig	credential.helper=wincred
file:C:/Users/adari/.gitconfig	core.autocrlf=true
file:.git/config	core.repositoryformatversion=0
file:.git/config	core.filemode=false
file:.git/config	core.bare=false
file:.git/config	core.logallrefupdates=true
file:.git/config	core.symlinks=false
file:.git/config	core.ignorecase=true
file:.git/config	remote.origin.url=https://github.com/flintnthread/flintnthreadbackend.git
file:.git/config	remote.origin.fetch=+refs/heads/*:refs/remotes/origin/*


------------
Diagnostic: Credential storage
Skipped: False
Success: True
Exception: None
Log:
ICredentialStore instance is of type: CredentialStore
Writing test credential... OK
Reading test credential... OK
Deleting test credential... OK

------------
Diagnostic: Microsoft authentication (AAD/MSA)
Skipped: False
Success: True
Exception: None
Log:
Broker is not enabled.
Flow type is: Auto
Gathering MSAL token cache data... OK
CacheDirectory: C:\Users\adari\AppData\Local\.IdentityService
CacheFileName: msal.cache
CacheFilePath: C:\Users\adari\AppData\Local\.IdentityService\msal.cache
Creating cache helper... OK
Verifying MSAL token cache persistence... OK

------------
Diagnostic: GitHub API
Skipped: False
Success: True
Exception: None
Log:
Using 'https://github.com/' as API target.
Querying '/meta' endpoint... OK

