[INFO] Scanning for projects...
[INFO] 
[INFO] --------------------< com.ecommerce:seller-service >--------------------
[INFO] Building seller-service 0.0.1-SNAPSHOT
[INFO]   from pom.xml
[INFO] --------------------------------[ jar ]---------------------------------
[INFO] 
[INFO] >>> spring-boot:3.5.14:run (default-cli) > test-compile @ seller-service >>>
[INFO] 
[INFO] --- resources:3.3.1:resources (default-resources) @ seller-service ---
[INFO] Copying 4 resources from src\main\resources to target\classes
[INFO] Copying 14 resources from src\main\resources to target\classes
[INFO] 
[INFO] --- compiler:3.14.1:compile (default-compile) @ seller-service ---
[INFO] Nothing to compile - all classes are up to date.
[INFO] 
[INFO] --- resources:3.3.1:testResources (default-testResources) @ seller-service ---
[INFO] skip non existing resourceDirectory c:\completeproject\flintnthread-platform\seller-service\src\test\resources
[INFO] 
[INFO] --- compiler:3.14.1:testCompile (default-testCompile) @ seller-service ---
[INFO] Nothing to compile - all classes are up to date.
[INFO] 
[INFO] <<< spring-boot:3.5.14:run (default-cli) < test-compile @ seller-service <<<
[INFO] 
[INFO] 
[INFO] --- spring-boot:3.5.14:run (default-cli) @ seller-service ---
[INFO] Attaching agents: []
Standard Commons Logging discovery in action with spring-jcl: please remove commons-logging.jar from classpath in order to avoid potential conflicts
Standard Commons Logging discovery in action with spring-jcl: please remove commons-logging.jar from classpath in order to avoid potential conflicts

  .   ____          _            __ _ _
 /\\ / ___'_ __ _ _(_)_ __  __ _ \ \ \ \
( ( )\___ | '_ | '_| | '_ \/ _` | \ \ \ \
 \\/  ___)| |_)| | | | | || (_| |  ) ) ) )
  '  |____| .__|_| |_|_| |_\__, | / / / /
 =========|_|==============|___/=/_/_/_/

 :: Spring Boot ::               (v3.5.14)

2026-06-27T17:18:58.691+05:30  INFO 12480 --- [demo] [  restartedMain] c.e.sellerbackend.DemoApplication        : Starting DemoApplication using Java 17.0.4.1 with PID 12480 (c:\completeproject\flintnthread-platform\seller-service\target\classes started by adari in c:\completeproject\flintnthread-platform\seller-service)
2026-06-27T17:18:58.696+05:30  INFO 12480 --- [demo] [  restartedMain] c.e.sellerbackend.DemoApplication        : The following 1 profile is active: "local"
2026-06-27T17:18:58.818+05:30  INFO 12480 --- [demo] [  restartedMain] .e.DevToolsPropertyDefaultsPostProcessor : Devtools property defaults active! Set 'spring.devtools.add-properties' to 'false' to disable
2026-06-27T17:18:58.819+05:30  INFO 12480 --- [demo] [  restartedMain] .e.DevToolsPropertyDefaultsPostProcessor : For additional web related logging consider setting the 'logging.level.web' property to 'DEBUG'
2026-06-27T17:19:02.943+05:30  INFO 12480 --- [demo] [  restartedMain] .s.d.r.c.RepositoryConfigurationDelegate : Bootstrapping Spring Data JPA repositories in DEFAULT mode.
2026-06-27T17:19:03.500+05:30  INFO 12480 --- [demo] [  restartedMain] .s.d.r.c.RepositoryConfigurationDelegate : Finished Spring Data repository scanning in 524 ms. Found 39 JPA repository interfaces.
2026-06-27T17:19:05.477+05:30  INFO 12480 --- [demo] [  restartedMain] o.s.b.w.embedded.tomcat.TomcatWebServer  : Tomcat initialized with port 8083 (http)
2026-06-27T17:19:05.511+05:30  INFO 12480 --- [demo] [  restartedMain] o.apache.catalina.core.StandardService   : Starting service [Tomcat]
2026-06-27T17:19:05.517+05:30  INFO 12480 --- [demo] [  restartedMain] o.apache.catalina.core.StandardEngine    : Starting Servlet engine: [Apache Tomcat/10.1.54]
2026-06-27T17:19:05.680+05:30  INFO 12480 --- [demo] [  restartedMain] o.a.c.c.C.[Tomcat].[localhost].[/]       : Initializing Spring embedded WebApplicationContext
2026-06-27T17:19:05.682+05:30  INFO 12480 --- [demo] [  restartedMain] w.s.c.ServletWebServerApplicationContext : Root WebApplicationContext: initialization completed in 6859 ms
Standard Commons Logging discovery in action with spring-jcl: please remove commons-logging.jar from classpath in order to avoid potential conflicts
2026-06-27T17:19:06.409+05:30  INFO 12480 --- [demo] [  restartedMain] o.hibernate.jpa.internal.util.LogHelper  : HHH000204: Processing PersistenceUnitInfo [name: default]
2026-06-27T17:19:06.619+05:30  INFO 12480 --- [demo] [  restartedMain] org.hibernate.Version                    : HHH000412: Hibernate ORM core version 6.6.49.Final
2026-06-27T17:19:06.752+05:30  INFO 12480 --- [demo] [  restartedMain] o.h.c.internal.RegionFactoryInitiator    : HHH000026: Second-level cache disabled
2026-06-27T17:19:07.655+05:30  INFO 12480 --- [demo] [  restartedMain] o.s.o.j.p.SpringPersistenceUnitInfo      : No LoadTimeWeaver setup: ignoring JPA class transformer
2026-06-27T17:19:07.745+05:30  INFO 12480 --- [demo] [  restartedMain] com.zaxxer.hikari.HikariDataSource       : HikariPool-1 - Starting...
2026-06-27T17:19:08.966+05:30  INFO 12480 --- [demo] [  restartedMain] com.zaxxer.hikari.pool.HikariPool        : HikariPool-1 - Added connection com.mysql.cj.jdbc.ConnectionImpl@b0834cd
2026-06-27T17:19:08.972+05:30  INFO 12480 --- [demo] [  restartedMain] com.zaxxer.hikari.HikariDataSource       : HikariPool-1 - Start completed.
2026-06-27T17:19:09.206+05:30  WARN 12480 --- [demo] [  restartedMain] org.hibernate.orm.deprecation            : HHH90000025: MySQLDialect does not need to be specified explicitly using 'hibernate.dialect' (remove the property setting and it will be selected by default)
2026-06-27T17:19:09.307+05:30  INFO 12480 --- [demo] [  restartedMain] org.hibernate.orm.connections.pooling    : HHH10001005: Database info:
	Database JDBC URL [Connecting through datasource 'HikariDataSource (HikariPool-1)']
	Database driver: undefined/unknown
	Database version: 8.0.45
	Autocommit mode: undefined/unknown
	Isolation level: undefined/unknown
	Minimum pool size: undefined/unknown
	Maximum pool size: undefined/unknown
2026-06-27T17:19:13.835+05:30  INFO 12480 --- [demo] [  restartedMain] o.h.e.t.j.p.i.JtaPlatformInitiator       : HHH000489: No JTA platform available (set 'hibernate.transaction.jta.platform' to enable JTA platform integration)
2026-06-27T17:19:13.841+05:30  INFO 12480 --- [demo] [  restartedMain] j.LocalContainerEntityManagerFactoryBean : Initialized JPA EntityManagerFactory for persistence unit 'default'
2026-06-27T17:19:13.916+05:30 DEBUG 12480 --- [demo] [  restartedMain] o.s.jdbc.core.JdbcTemplate               : Executing SQL statement [CREATE TABLE IF NOT EXISTS seller_preferences (
    seller_id INT NOT NULL PRIMARY KEY,
    push_notifications TINYINT(1) NOT NULL DEFAULT 1,
    order_updates TINYINT(1) NOT NULL DEFAULT 1,
    payout_alerts TINYINT(1) NOT NULL DEFAULT 1,
    vacation_mode TINYINT(1) NOT NULL DEFAULT 0,
    dark_mode TINYINT(1) NOT NULL DEFAULT 0,
    language VARCHAR(10) NOT NULL DEFAULT 'en-IN',
    biometric_login TINYINT(1) NOT NULL DEFAULT 0,
    updated_at DATETIME NULL,
    CONSTRAINT fk_seller_preferences_seller FOREIGN KEY (seller_id) REFERENCES sellers(id) ON DELETE CASCADE
) ENGINE=InnoDB DEFAULT CHARSET=utf8mb4
]
2026-06-27T17:19:13.933+05:30 DEBUG 12480 --- [demo] [  restartedMain] o.s.jdbc.datasource.DataSourceUtils      : Fetching JDBC Connection from DataSource
2026-06-27T17:19:14.114+05:30 DEBUG 12480 --- [demo] [  restartedMain] o.s.jdbc.core.JdbcTemplate               : SQLWarning ignored: SQL state 'HY000', error code '1681', message [Integer display width is deprecated and will be removed in a future release.]
2026-06-27T17:19:14.114+05:30 DEBUG 12480 --- [demo] [  restartedMain] o.s.jdbc.core.JdbcTemplate               : SQLWarning ignored: SQL state 'HY000', error code '1681', message [Integer display width is deprecated and will be removed in a future release.]
2026-06-27T17:19:14.114+05:30 DEBUG 12480 --- [demo] [  restartedMain] o.s.jdbc.core.JdbcTemplate               : SQLWarning ignored: SQL state 'HY000', error code '1681', message [Integer display width is deprecated and will be removed in a future release.]
2026-06-27T17:19:14.114+05:30 DEBUG 12480 --- [demo] [  restartedMain] o.s.jdbc.core.JdbcTemplate               : SQLWarning ignored: SQL state 'HY000', error code '1681', message [Integer display width is deprecated and will be removed in a future release.]
2026-06-27T17:19:14.114+05:30 DEBUG 12480 --- [demo] [  restartedMain] o.s.jdbc.core.JdbcTemplate               : SQLWarning ignored: SQL state 'HY000', error code '1681', message [Integer display width is deprecated and will be removed in a future release.]
2026-06-27T17:19:14.114+05:30 DEBUG 12480 --- [demo] [  restartedMain] o.s.jdbc.core.JdbcTemplate               : SQLWarning ignored: SQL state 'HY000', error code '1681', message [Integer display width is deprecated and will be removed in a future release.]
2026-06-27T17:19:14.114+05:30 DEBUG 12480 --- [demo] [  restartedMain] o.s.jdbc.core.JdbcTemplate               : SQLWarning ignored: SQL state '42S01', error code '1050', message [Table 'seller_preferences' already exists]
2026-06-27T17:19:14.114+05:30  INFO 12480 --- [demo] [  restartedMain] c.e.s.config.SellerSchemaBootstrap       : seller_preferences table is ready
2026-06-27T17:19:14.114+05:30 DEBUG 12480 --- [demo] [  restartedMain] o.s.jdbc.core.JdbcTemplate               : Executing SQL statement [CREATE TABLE IF NOT EXISTS seller_live_chat_messages (
    id BIGINT NOT NULL AUTO_INCREMENT PRIMARY KEY,
    seller_id INT NOT NULL,
    sender_type VARCHAR(20) NOT NULL,
    message TEXT NOT NULL,
    created_at DATETIME NOT NULL DEFAULT CURRENT_TIMESTAMP,
    INDEX idx_seller_live_chat_seller (seller_id, created_at)
) ENGINE=InnoDB DEFAULT CHARSET=utf8mb4
]
2026-06-27T17:19:14.114+05:30 DEBUG 12480 --- [demo] [  restartedMain] o.s.jdbc.datasource.DataSourceUtils      : Fetching JDBC Connection from DataSource
2026-06-27T17:19:14.131+05:30 DEBUG 12480 --- [demo] [  restartedMain] o.s.jdbc.core.JdbcTemplate               : SQLWarning ignored: SQL state '42S01', error code '1050', message [Table 'seller_live_chat_messages' already exists]
2026-06-27T17:19:14.131+05:30  INFO 12480 --- [demo] [  restartedMain] c.e.s.config.SellerSchemaBootstrap       : seller_live_chat_messages table is ready
2026-06-27T17:19:14.131+05:30 DEBUG 12480 --- [demo] [  restartedMain] o.s.jdbc.core.JdbcTemplate               : Executing SQL statement [CREATE TABLE IF NOT EXISTS seller_support_feedbacks (
    id BIGINT NOT NULL AUTO_INCREMENT PRIMARY KEY,
    seller_id BIGINT NOT NULL,
    rating INT NOT NULL,
    feedback_text TEXT NULL,
    created_at TIMESTAMP NOT NULL DEFAULT CURRENT_TIMESTAMP,
    updated_at TIMESTAMP NOT NULL DEFAULT CURRENT_TIMESTAMP ON UPDATE CURRENT_TIMESTAMP,
    INDEX idx_seller_support_feedbacks_seller (seller_id, created_at)
) ENGINE=InnoDB DEFAULT CHARSET=utf8mb4
]
2026-06-27T17:19:14.131+05:30 DEBUG 12480 --- [demo] [  restartedMain] o.s.jdbc.datasource.DataSourceUtils      : Fetching JDBC Connection from DataSource
2026-06-27T17:19:14.152+05:30 DEBUG 12480 --- [demo] [  restartedMain] o.s.jdbc.core.JdbcTemplate               : SQLWarning ignored: SQL state '42S01', error code '1050', message [Table 'seller_support_feedbacks' already exists]
2026-06-27T17:19:14.152+05:30  INFO 12480 --- [demo] [  restartedMain] c.e.s.config.SellerSchemaBootstrap       : seller_support_feedbacks table is ready
2026-06-27T17:19:14.902+05:30  INFO 12480 --- [demo] [  restartedMain] o.s.d.j.r.query.QueryEnhancerFactory     : Hibernate is in classpath; If applicable, HQL parser will be used.
2026-06-27T17:19:23.871+05:30  INFO 12480 --- [demo] [  restartedMain] c.e.s.service.impl.TwilioSmsService      : Twilio SMS enabled — account ACa7…cef8, from +13189243311
2026-06-27T17:19:27.638+05:30 ERROR 12480 --- [demo] [  restartedMain] c.e.s.service.impl.TwilioSmsService      : Twilio authentication failed at startup (20003). Update twilio.auth.token in application-local.properties
2026-06-27T17:19:27.914+05:30  WARN 12480 --- [demo] [  restartedMain] JpaBaseConfiguration$JpaWebConfiguration : spring.jpa.open-in-view is enabled by default. Therefore, database queries may be performed during view rendering. Explicitly configure spring.jpa.open-in-view to disable this warning
2026-06-27T17:19:28.410+05:30  WARN 12480 --- [demo] [  restartedMain] .s.s.UserDetailsServiceAutoConfiguration : 

Using generated security password: 8d952f60-6d55-4769-88ca-98324492b0c6

This generated password is for development use only. Your security configuration must be updated before running your application in production.

2026-06-27T17:19:28.428+05:30  INFO 12480 --- [demo] [  restartedMain] r$InitializeUserDetailsManagerConfigurer : Global AuthenticationManager configured with UserDetailsService bean with name inMemoryUserDetailsManager
2026-06-27T17:19:29.142+05:30  INFO 12480 --- [demo] [  restartedMain] o.s.b.d.a.OptionalLiveReloadServer       : LiveReload server is running on port 35729
2026-06-27T17:19:29.194+05:30  INFO 12480 --- [demo] [  restartedMain] o.s.b.w.embedded.tomcat.TomcatWebServer  : Tomcat started on port 8083 (http) with context path '/'
2026-06-27T17:19:29.216+05:30  INFO 12480 --- [demo] [  restartedMain] c.e.sellerbackend.DemoApplication        : Started DemoApplication in 31.554 seconds (process running for 32.886)
2026-06-27T17:20:13.221+05:30  INFO 12480 --- [demo] [0.0-8083-exec-1] o.a.c.c.C.[Tomcat].[localhost].[/]       : Initializing Spring DispatcherServlet 'dispatcherServlet'
2026-06-27T17:20:13.221+05:30  INFO 12480 --- [demo] [0.0-8083-exec-1] o.s.web.servlet.DispatcherServlet        : Initializing Servlet 'dispatcherServlet'
2026-06-27T17:20:13.225+05:30  INFO 12480 --- [demo] [0.0-8083-exec-1] o.s.web.servlet.DispatcherServlet        : Completed initialization in 4 ms
2026-06-27T17:20:13.278+05:30 DEBUG 12480 --- [demo] [0.0-8083-exec-1] o.s.jdbc.datasource.DataSourceUtils      : Setting JDBC Connection [HikariProxyConnection@210224127 wrapping com.mysql.cj.jdbc.ConnectionImpl@b0834cd] read-only
2026-06-27T17:20:13.391+05:30 DEBUG 12480 --- [demo] [0.0-8083-exec-1] org.hibernate.SQL                        : 
    select
        count(s1_0.id) 
    from
        sellers s1_0 
    where
        s1_0.status=?
Hibernate: 
    select
        count(s1_0.id) 
    from
        sellers s1_0 
    where
        s1_0.status=?
2026-06-27T17:20:13.407+05:30 TRACE 12480 --- [demo] [0.0-8083-exec-1] org.hibernate.orm.jdbc.bind              : binding parameter (1:ENUM) <- [active]
2026-06-27T17:20:13.441+05:30 DEBUG 12480 --- [demo] [0.0-8083-exec-1] org.hibernate.SQL                        : 
    select
        count(p1_0.id) 
    from
        products p1_0 
    where
        lower(p1_0.status) in ('approved', 'active')
Hibernate: 
    select
        count(p1_0.id) 
    from
        products p1_0 
    where
        lower(p1_0.status) in ('approved', 'active')
2026-06-27T17:20:13.491+05:30 DEBUG 12480 --- [demo] [0.0-8083-exec-1] org.hibernate.SQL                        : 
    SELECT
        COUNT(*) 
    FROM
        (     SELECT
            shipping_email     
        FROM
            orders     
        WHERE
            shipping_email IS NOT NULL 
            AND TRIM(shipping_email) != ''     
        GROUP BY
            shipping_email ) t 
Hibernate: 
    SELECT
        COUNT(*) 
    FROM
        (     SELECT
            shipping_email     
        FROM
            orders     
        WHERE
            shipping_email IS NOT NULL 
            AND TRIM(shipping_email) != ''     
        GROUP BY
            shipping_email ) t 
2026-06-27T17:20:13.507+05:30 DEBUG 12480 --- [demo] [0.0-8083-exec-1] org.hibernate.SQL                        : 
    SELECT
        AVG(TIMESTAMPDIFF(HOUR, kyc_submitted_at, kyc_verified_at)) 
    FROM
        sellers 
    WHERE
        kyc_submitted_at IS NOT NULL   
        AND kyc_verified_at IS NOT NULL   
        AND kyc_verified_at >= kyc_submitted_at   
        AND status = 'active' 
Hibernate: 
    SELECT
        AVG(TIMESTAMPDIFF(HOUR, kyc_submitted_at, kyc_verified_at)) 
    FROM
        sellers 
    WHERE
        kyc_submitted_at IS NOT NULL   
        AND kyc_verified_at IS NOT NULL   
        AND kyc_verified_at >= kyc_submitted_at   
        AND status = 'active' 
2026-06-27T17:20:13.507+05:30 DEBUG 12480 --- [demo] [0.0-8083-exec-1] o.s.jdbc.datasource.DataSourceUtils      : Resetting read-only flag of JDBC Connection [HikariProxyConnection@210224127 wrapping com.mysql.cj.jdbc.ConnectionImpl@b0834cd]
2026-06-27T17:20:13.557+05:30 DEBUG 12480 --- [demo] [0.0-8083-exec-2] o.s.jdbc.datasource.DataSourceUtils      : Setting JDBC Connection [HikariProxyConnection@390071473 wrapping com.mysql.cj.jdbc.ConnectionImpl@b0834cd] read-only
2026-06-27T17:20:13.572+05:30 DEBUG 12480 --- [demo] [0.0-8083-exec-2] org.hibernate.SQL                        : 
    select
        count(s1_0.id) 
    from
        sellers s1_0 
    where
        s1_0.status=?
Hibernate: 
    select
        count(s1_0.id) 
    from
        sellers s1_0 
    where
        s1_0.status=?
2026-06-27T17:20:13.572+05:30 TRACE 12480 --- [demo] [0.0-8083-exec-2] org.hibernate.orm.jdbc.bind              : binding parameter (1:ENUM) <- [active]
2026-06-27T17:20:13.574+05:30 DEBUG 12480 --- [demo] [0.0-8083-exec-2] org.hibernate.SQL                        : 
    select
        count(p1_0.id) 
    from
        products p1_0 
    where
        lower(p1_0.status) in ('approved', 'active')
Hibernate: 
    select
        count(p1_0.id) 
    from
        products p1_0 
    where
        lower(p1_0.status) in ('approved', 'active')
2026-06-27T17:20:13.574+05:30 DEBUG 12480 --- [demo] [0.0-8083-exec-2] org.hibernate.SQL                        : 
    SELECT
        COUNT(*) 
    FROM
        (     SELECT
            shipping_email     
        FROM
            orders     
        WHERE
            shipping_email IS NOT NULL 
            AND TRIM(shipping_email) != ''     
        GROUP BY
            shipping_email ) t 
Hibernate: 
    SELECT
        COUNT(*) 
    FROM
        (     SELECT
            shipping_email     
        FROM
            orders     
        WHERE
            shipping_email IS NOT NULL 
            AND TRIM(shipping_email) != ''     
        GROUP BY
            shipping_email ) t 
2026-06-27T17:20:13.574+05:30 DEBUG 12480 --- [demo] [0.0-8083-exec-2] org.hibernate.SQL                        : 
    SELECT
        AVG(TIMESTAMPDIFF(HOUR, kyc_submitted_at, kyc_verified_at)) 
    FROM
        sellers 
    WHERE
        kyc_submitted_at IS NOT NULL   
        AND kyc_verified_at IS NOT NULL   
        AND kyc_verified_at >= kyc_submitted_at   
        AND status = 'active' 
Hibernate: 
    SELECT
        AVG(TIMESTAMPDIFF(HOUR, kyc_submitted_at, kyc_verified_at)) 
    FROM
        sellers 
    WHERE
        kyc_submitted_at IS NOT NULL   
        AND kyc_verified_at IS NOT NULL   
        AND kyc_verified_at >= kyc_submitted_at   
        AND status = 'active' 
2026-06-27T17:20:13.574+05:30 DEBUG 12480 --- [demo] [0.0-8083-exec-2] o.s.jdbc.datasource.DataSourceUtils      : Resetting read-only flag of JDBC Connection [HikariProxyConnection@390071473 wrapping com.mysql.cj.jdbc.ConnectionImpl@b0834cd]
2026-06-27T17:23:26.860+05:30 DEBUG 12480 --- [demo] [0.0-8083-exec-6] org.hibernate.SQL                        : 
    SELECT
        COUNT(*) 
    FROM
        sellers 
    WHERE
        REPLACE(REPLACE(REPLACE(mobile, ' ', ''), '+', ''), '-', '') LIKE CONCAT('%', ?) 
Hibernate: 
    SELECT
        COUNT(*) 
    FROM
        sellers 
    WHERE
        REPLACE(REPLACE(REPLACE(mobile, ' ', ''), '+', ''), '-', '') LIKE CONCAT('%', ?) 
2026-06-27T17:23:26.876+05:30 TRACE 12480 --- [demo] [0.0-8083-exec-6] org.hibernate.orm.jdbc.bind              : binding parameter (1:VARCHAR) <- [9999999999]
2026-06-27T17:23:27.474+05:30 ERROR 12480 --- [demo] [0.0-8083-exec-6] c.e.s.service.impl.TwilioSmsService      : Twilio SMS failed for +919999999999: api.twilio.com:443 failed to respond (null)
2026-06-27T17:23:27.476+05:30 ERROR 12480 --- [demo] [0.0-8083-exec-6] o.a.c.c.C.[.[.[/].[dispatcherServlet]    : Servlet.service() for servlet [dispatcherServlet] in context with path [] threw exception [Request processing failed: java.lang.NullPointerException: Cannot invoke "java.lang.Integer.intValue()" because the return value of "com.twilio.exception.ApiException.getCode()" is null] with root cause

java.lang.NullPointerException: Cannot invoke "java.lang.Integer.intValue()" because the return value of "com.twilio.exception.ApiException.getCode()" is null
	at com.ecommerce.sellerbackend.service.impl.TwilioSmsService.sendOtp(TwilioSmsService.java:91) ~[classes/:na]
	at com.ecommerce.sellerbackend.service.impl.SellerRegistrationServiceImpl.sendOtp(SellerRegistrationServiceImpl.java:75) ~[classes/:na]
	at java.base/jdk.internal.reflect.NativeMethodAccessorImpl.invoke0(Native Method) ~[na:na]
	at java.base/jdk.internal.reflect.NativeMethodAccessorImpl.invoke(NativeMethodAccessorImpl.java:77) ~[na:na]
	at java.base/jdk.internal.reflect.DelegatingMethodAccessorImpl.invoke(DelegatingMethodAccessorImpl.java:43) ~[na:na]
	at java.base/java.lang.reflect.Method.invoke(Method.java:568) ~[na:na]
	at org.springframework.aop.support.AopUtils.invokeJoinpointUsingReflection(AopUtils.java:360) ~[spring-aop-6.2.18.jar:6.2.18]
	at org.springframework.aop.framework.CglibAopProxy$DynamicAdvisedInterceptor.intercept(CglibAopProxy.java:724) ~[spring-aop-6.2.18.jar:6.2.18]
	at com.ecommerce.sellerbackend.service.impl.SellerRegistrationServiceImpl$$SpringCGLIB$$0.sendOtp(<generated>) ~[classes/:na]
	at com.ecommerce.sellerbackend.controller.SellerRegistrationController.sendOtp(SellerRegistrationController.java:26) ~[classes/:na]
	at java.base/jdk.internal.reflect.NativeMethodAccessorImpl.invoke0(Native Method) ~[na:na]
	at java.base/jdk.internal.reflect.NativeMethodAccessorImpl.invoke(NativeMethodAccessorImpl.java:77) ~[na:na]
	at java.base/jdk.internal.reflect.DelegatingMethodAccessorImpl.invoke(DelegatingMethodAccessorImpl.java:43) ~[na:na]
	at java.base/java.lang.reflect.Method.invoke(Method.java:568) ~[na:na]
	at org.springframework.web.method.support.InvocableHandlerMethod.doInvoke(InvocableHandlerMethod.java:258) ~[spring-web-6.2.18.jar:6.2.18]
	at org.springframework.web.method.support.InvocableHandlerMethod.invokeForRequest(InvocableHandlerMethod.java:191) ~[spring-web-6.2.18.jar:6.2.18]
	at org.springframework.web.servlet.mvc.method.annotation.ServletInvocableHandlerMethod.invokeAndHandle(ServletInvocableHandlerMethod.java:118) ~[spring-webmvc-6.2.18.jar:6.2.18]
	at org.springframework.web.servlet.mvc.method.annotation.RequestMappingHandlerAdapter.invokeHandlerMethod(RequestMappingHandlerAdapter.java:991) ~[spring-webmvc-6.2.18.jar:6.2.18]
	at org.springframework.web.servlet.mvc.method.annotation.RequestMappingHandlerAdapter.handleInternal(RequestMappingHandlerAdapter.java:896) ~[spring-webmvc-6.2.18.jar:6.2.18]
	at org.springframework.web.servlet.mvc.method.AbstractHandlerMethodAdapter.handle(AbstractHandlerMethodAdapter.java:87) ~[spring-webmvc-6.2.18.jar:6.2.18]
	at org.springframework.web.servlet.DispatcherServlet.doDispatch(DispatcherServlet.java:1089) ~[spring-webmvc-6.2.18.jar:6.2.18]
	at org.springframework.web.servlet.DispatcherServlet.doService(DispatcherServlet.java:979) ~[spring-webmvc-6.2.18.jar:6.2.18]
	at org.springframework.web.servlet.FrameworkServlet.processRequest(FrameworkServlet.java:1014) ~[spring-webmvc-6.2.18.jar:6.2.18]
	at org.springframework.web.servlet.FrameworkServlet.doPost(FrameworkServlet.java:914) ~[spring-webmvc-6.2.18.jar:6.2.18]
	at jakarta.servlet.http.HttpServlet.service(HttpServlet.java:590) ~[tomcat-embed-core-10.1.54.jar:6.0]
	at org.springframework.web.servlet.FrameworkServlet.service(FrameworkServlet.java:885) ~[spring-webmvc-6.2.18.jar:6.2.18]
	at jakarta.servlet.http.HttpServlet.service(HttpServlet.java:658) ~[tomcat-embed-core-10.1.54.jar:6.0]
	at org.apache.catalina.core.ApplicationFilterChain.internalDoFilter(ApplicationFilterChain.java:193) ~[tomcat-embed-core-10.1.54.jar:10.1.54]
	at org.apache.catalina.core.ApplicationFilterChain.doFilter(ApplicationFilterChain.java:138) ~[tomcat-embed-core-10.1.54.jar:10.1.54]
	at org.apache.tomcat.websocket.server.WsFilter.doFilter(WsFilter.java:51) ~[tomcat-embed-websocket-10.1.54.jar:10.1.54]
	at org.apache.catalina.core.ApplicationFilterChain.internalDoFilter(ApplicationFilterChain.java:162) ~[tomcat-embed-core-10.1.54.jar:10.1.54]
	at org.apache.catalina.core.ApplicationFilterChain.doFilter(ApplicationFilterChain.java:138) ~[tomcat-embed-core-10.1.54.jar:10.1.54]
	at org.springframework.web.filter.OncePerRequestFilter.doFilter(OncePerRequestFilter.java:101) ~[spring-web-6.2.18.jar:6.2.18]
	at org.apache.catalina.core.ApplicationFilterChain.internalDoFilter(ApplicationFilterChain.java:162) ~[tomcat-embed-core-10.1.54.jar:10.1.54]
	at org.apache.catalina.core.ApplicationFilterChain.doFilter(ApplicationFilterChain.java:138) ~[tomcat-embed-core-10.1.54.jar:10.1.54]
	at org.springframework.web.filter.CompositeFilter$VirtualFilterChain.doFilter(CompositeFilter.java:108) ~[spring-web-6.2.18.jar:6.2.18]
	at org.springframework.web.filter.CompositeFilter$VirtualFilterChain.doFilter(CompositeFilter.java:108) ~[spring-web-6.2.18.jar:6.2.18]
	at org.springframework.security.web.FilterChainProxy.lambda$doFilterInternal$3(FilterChainProxy.java:231) ~[spring-security-web-6.5.10.jar:6.5.10]
	at org.springframework.security.web.FilterChainProxy$VirtualFilterChain.doFilter(FilterChainProxy.java:370) ~[spring-security-web-6.5.10.jar:6.5.10]
	at org.springframework.security.web.access.intercept.AuthorizationFilter.doFilter(AuthorizationFilter.java:101) ~[spring-security-web-6.5.10.jar:6.5.10]
	at org.springframework.security.web.FilterChainProxy$VirtualFilterChain.doFilter(FilterChainProxy.java:379) ~[spring-security-web-6.5.10.jar:6.5.10]
	at org.springframework.security.web.access.ExceptionTranslationFilter.doFilter(ExceptionTranslationFilter.java:125) ~[spring-security-web-6.5.10.jar:6.5.10]
	at org.springframework.security.web.access.ExceptionTranslationFilter.doFilter(ExceptionTranslationFilter.java:119) ~[spring-security-web-6.5.10.jar:6.5.10]
	at org.springframework.security.web.FilterChainProxy$VirtualFilterChain.doFilter(FilterChainProxy.java:379) ~[spring-security-web-6.5.10.jar:6.5.10]
	at org.springframework.security.web.session.SessionManagementFilter.doFilter(SessionManagementFilter.java:131) ~[spring-security-web-6.5.10.jar:6.5.10]
	at org.springframework.security.web.session.SessionManagementFilter.doFilter(SessionManagementFilter.java:85) ~[spring-security-web-6.5.10.jar:6.5.10]
	at org.springframework.security.web.FilterChainProxy$VirtualFilterChain.doFilter(FilterChainProxy.java:379) ~[spring-security-web-6.5.10.jar:6.5.10]
	at org.springframework.security.web.authentication.AnonymousAuthenticationFilter.doFilter(AnonymousAuthenticationFilter.java:100) ~[spring-security-web-6.5.10.jar:6.5.10]
	at org.springframework.security.web.FilterChainProxy$VirtualFilterChain.doFilter(FilterChainProxy.java:379) ~[spring-security-web-6.5.10.jar:6.5.10]
	at org.springframework.security.web.servletapi.SecurityContextHolderAwareRequestFilter.doFilter(SecurityContextHolderAwareRequestFilter.java:179) ~[spring-security-web-6.5.10.jar:6.5.10]
	at org.springframework.security.web.FilterChainProxy$VirtualFilterChain.doFilter(FilterChainProxy.java:379) ~[spring-security-web-6.5.10.jar:6.5.10]
	at org.springframework.security.web.savedrequest.RequestCacheAwareFilter.doFilter(RequestCacheAwareFilter.java:63) ~[spring-security-web-6.5.10.jar:6.5.10]
	at org.springframework.security.web.FilterChainProxy$VirtualFilterChain.doFilter(FilterChainProxy.java:379) ~[spring-security-web-6.5.10.jar:6.5.10]
	at org.springframework.web.filter.OncePerRequestFilter.doFilter(OncePerRequestFilter.java:101) ~[spring-web-6.2.18.jar:6.2.18]
	at org.springframework.security.web.FilterChainProxy$VirtualFilterChain.doFilter(FilterChainProxy.java:379) ~[spring-security-web-6.5.10.jar:6.5.10]
	at org.springframework.security.web.authentication.logout.LogoutFilter.doFilter(LogoutFilter.java:107) ~[spring-security-web-6.5.10.jar:6.5.10]
	at org.springframework.security.web.authentication.logout.LogoutFilter.doFilter(LogoutFilter.java:93) ~[spring-security-web-6.5.10.jar:6.5.10]
	at org.springframework.security.web.FilterChainProxy$VirtualFilterChain.doFilter(FilterChainProxy.java:379) ~[spring-security-web-6.5.10.jar:6.5.10]
	at org.springframework.web.filter.CorsFilter.doFilterInternal(CorsFilter.java:91) ~[spring-web-6.2.18.jar:6.2.18]
	at org.springframework.web.filter.OncePerRequestFilter.doFilter(OncePerRequestFilter.java:116) ~[spring-web-6.2.18.jar:6.2.18]
	at org.springframework.security.web.FilterChainProxy$VirtualFilterChain.doFilter(FilterChainProxy.java:379) ~[spring-security-web-6.5.10.jar:6.5.10]
	at org.springframework.security.web.header.HeaderWriterFilter.doHeadersAfter(HeaderWriterFilter.java:90) ~[spring-security-web-6.5.10.jar:6.5.10]
	at org.springframework.security.web.header.HeaderWriterFilter.doFilterInternal(HeaderWriterFilter.java:75) ~[spring-security-web-6.5.10.jar:6.5.10]
	at org.springframework.web.filter.OncePerRequestFilter.doFilter(OncePerRequestFilter.java:116) ~[spring-web-6.2.18.jar:6.2.18]
	at org.springframework.security.web.FilterChainProxy$VirtualFilterChain.doFilter(FilterChainProxy.java:379) ~[spring-security-web-6.5.10.jar:6.5.10]
	at org.springframework.security.web.context.SecurityContextHolderFilter.doFilter(SecurityContextHolderFilter.java:82) ~[spring-security-web-6.5.10.jar:6.5.10]
	at org.springframework.security.web.context.SecurityContextHolderFilter.doFilter(SecurityContextHolderFilter.java:69) ~[spring-security-web-6.5.10.jar:6.5.10]
	at org.springframework.security.web.FilterChainProxy$VirtualFilterChain.doFilter(FilterChainProxy.java:379) ~[spring-security-web-6.5.10.jar:6.5.10]
	at org.springframework.security.web.context.request.async.WebAsyncManagerIntegrationFilter.doFilterInternal(WebAsyncManagerIntegrationFilter.java:62) ~[spring-security-web-6.5.10.jar:6.5.10]
	at org.springframework.web.filter.OncePerRequestFilter.doFilter(OncePerRequestFilter.java:116) ~[spring-web-6.2.18.jar:6.2.18]
	at org.springframework.security.web.FilterChainProxy$VirtualFilterChain.doFilter(FilterChainProxy.java:379) ~[spring-security-web-6.5.10.jar:6.5.10]
	at org.springframework.security.web.session.DisableEncodeUrlFilter.doFilterInternal(DisableEncodeUrlFilter.java:42) ~[spring-security-web-6.5.10.jar:6.5.10]
	at org.springframework.web.filter.OncePerRequestFilter.doFilter(OncePerRequestFilter.java:116) ~[spring-web-6.2.18.jar:6.2.18]
	at org.springframework.security.web.FilterChainProxy$VirtualFilterChain.doFilter(FilterChainProxy.java:379) ~[spring-security-web-6.5.10.jar:6.5.10]
	at org.springframework.security.web.FilterChainProxy.doFilterInternal(FilterChainProxy.java:233) ~[spring-security-web-6.5.10.jar:6.5.10]
	at org.springframework.security.web.FilterChainProxy.doFilter(FilterChainProxy.java:191) ~[spring-security-web-6.5.10.jar:6.5.10]
	at org.springframework.web.filter.CompositeFilter$VirtualFilterChain.doFilter(CompositeFilter.java:113) ~[spring-web-6.2.18.jar:6.2.18]
	at org.springframework.web.filter.ServletRequestPathFilter.doFilter(ServletRequestPathFilter.java:52) ~[spring-web-6.2.18.jar:6.2.18]
	at org.springframework.web.filter.CompositeFilter$VirtualFilterChain.doFilter(CompositeFilter.java:113) ~[spring-web-6.2.18.jar:6.2.18]
	at org.springframework.web.filter.CompositeFilter.doFilter(CompositeFilter.java:74) ~[spring-web-6.2.18.jar:6.2.18]
	at org.springframework.security.config.annotation.web.configuration.WebSecurityConfiguration$CompositeFilterChainProxy.doFilter(WebSecurityConfiguration.java:319) ~[spring-security-config-6.5.10.jar:6.5.10]
	at org.springframework.web.filter.CompositeFilter$VirtualFilterChain.doFilter(CompositeFilter.java:113) ~[spring-web-6.2.18.jar:6.2.18]
	at org.springframework.web.servlet.handler.HandlerMappingIntrospector.lambda$createCacheFilter$4(HandlerMappingIntrospector.java:267) ~[spring-webmvc-6.2.18.jar:6.2.18]
	at org.springframework.web.filter.CompositeFilter$VirtualFilterChain.doFilter(CompositeFilter.java:113) ~[spring-web-6.2.18.jar:6.2.18]
	at org.springframework.web.filter.CompositeFilter.doFilter(CompositeFilter.java:74) ~[spring-web-6.2.18.jar:6.2.18]
	at org.springframework.security.config.annotation.web.configuration.WebMvcSecurityConfiguration$CompositeFilterChainProxy.doFilter(WebMvcSecurityConfiguration.java:240) ~[spring-security-config-6.5.10.jar:6.5.10]
	at org.springframework.web.filter.DelegatingFilterProxy.invokeDelegate(DelegatingFilterProxy.java:362) ~[spring-web-6.2.18.jar:6.2.18]
	at org.springframework.web.filter.DelegatingFilterProxy.doFilter(DelegatingFilterProxy.java:278) ~[spring-web-6.2.18.jar:6.2.18]
	at org.apache.catalina.core.ApplicationFilterChain.internalDoFilter(ApplicationFilterChain.java:162) ~[tomcat-embed-core-10.1.54.jar:10.1.54]
	at org.apache.catalina.core.ApplicationFilterChain.doFilter(ApplicationFilterChain.java:138) ~[tomcat-embed-core-10.1.54.jar:10.1.54]
	at org.springframework.web.filter.RequestContextFilter.doFilterInternal(RequestContextFilter.java:100) ~[spring-web-6.2.18.jar:6.2.18]
	at org.springframework.web.filter.OncePerRequestFilter.doFilter(OncePerRequestFilter.java:116) ~[spring-web-6.2.18.jar:6.2.18]
	at org.apache.catalina.core.ApplicationFilterChain.internalDoFilter(ApplicationFilterChain.java:162) ~[tomcat-embed-core-10.1.54.jar:10.1.54]
	at org.apache.catalina.core.ApplicationFilterChain.doFilter(ApplicationFilterChain.java:138) ~[tomcat-embed-core-10.1.54.jar:10.1.54]
	at org.springframework.web.filter.FormContentFilter.doFilterInternal(FormContentFilter.java:93) ~[spring-web-6.2.18.jar:6.2.18]
	at org.springframework.web.filter.OncePerRequestFilter.doFilter(OncePerRequestFilter.java:116) ~[spring-web-6.2.18.jar:6.2.18]
	at org.apache.catalina.core.ApplicationFilterChain.internalDoFilter(ApplicationFilterChain.java:162) ~[tomcat-embed-core-10.1.54.jar:10.1.54]
	at org.apache.catalina.core.ApplicationFilterChain.doFilter(ApplicationFilterChain.java:138) ~[tomcat-embed-core-10.1.54.jar:10.1.54]
	at org.springframework.web.filter.CharacterEncodingFilter.doFilterInternal(CharacterEncodingFilter.java:201) ~[spring-web-6.2.18.jar:6.2.18]
	at org.springframework.web.filter.OncePerRequestFilter.doFilter(OncePerRequestFilter.java:116) ~[spring-web-6.2.18.jar:6.2.18]
	at org.apache.catalina.core.ApplicationFilterChain.internalDoFilter(ApplicationFilterChain.java:162) ~[tomcat-embed-core-10.1.54.jar:10.1.54]
	at org.apache.catalina.core.ApplicationFilterChain.doFilter(ApplicationFilterChain.java:138) ~[tomcat-embed-core-10.1.54.jar:10.1.54]
	at org.apache.catalina.core.StandardWrapperValve.invoke(StandardWrapperValve.java:165) ~[tomcat-embed-core-10.1.54.jar:10.1.54]
	at org.apache.catalina.core.StandardContextValve.invoke(StandardContextValve.java:88) ~[tomcat-embed-core-10.1.54.jar:10.1.54]
	at org.apache.catalina.authenticator.AuthenticatorBase.invoke(AuthenticatorBase.java:492) ~[tomcat-embed-core-10.1.54.jar:10.1.54]
	at org.apache.catalina.core.StandardHostValve.invoke(StandardHostValve.java:113) ~[tomcat-embed-core-10.1.54.jar:10.1.54]
	at org.apache.catalina.valves.ErrorReportValve.invoke(ErrorReportValve.java:83) ~[tomcat-embed-core-10.1.54.jar:10.1.54]
	at org.apache.catalina.core.StandardEngineValve.invoke(StandardEngineValve.java:72) ~[tomcat-embed-core-10.1.54.jar:10.1.54]
	at org.apache.catalina.connector.CoyoteAdapter.service(CoyoteAdapter.java:342) ~[tomcat-embed-core-10.1.54.jar:10.1.54]
	at org.apache.coyote.http11.Http11Processor.service(Http11Processor.java:399) ~[tomcat-embed-core-10.1.54.jar:10.1.54]
	at org.apache.coyote.AbstractProcessorLight.process(AbstractProcessorLight.java:63) ~[tomcat-embed-core-10.1.54.jar:10.1.54]
	at org.apache.coyote.AbstractProtocol$ConnectionHandler.process(AbstractProtocol.java:903) ~[tomcat-embed-core-10.1.54.jar:10.1.54]
	at org.apache.tomcat.util.net.NioEndpoint$SocketProcessor.doRun(NioEndpoint.java:1797) ~[tomcat-embed-core-10.1.54.jar:10.1.54]
	at org.apache.tomcat.util.net.SocketProcessorBase.run(SocketProcessorBase.java:52) ~[tomcat-embed-core-10.1.54.jar:10.1.54]
	at org.apache.tomcat.util.threads.ThreadPoolExecutor.runWorker(ThreadPoolExecutor.java:973) ~[tomcat-embed-core-10.1.54.jar:10.1.54]
	at org.apache.tomcat.util.threads.ThreadPoolExecutor$Worker.run(ThreadPoolExecutor.java:491) ~[tomcat-embed-core-10.1.54.jar:10.1.54]
	at org.apache.tomcat.util.threads.TaskThread$WrappingRunnable.run(TaskThread.java:63) ~[tomcat-embed-core-10.1.54.jar:10.1.54]
	at java.base/java.lang.Thread.run(Thread.java:833) ~[na:na]

