17:30:36.514 [main] INFO com.ecommerce.adminbackend.AdminBackendApplication -- Starting admin-backend...
17:30:36.816 [restartedMain] INFO com.ecommerce.adminbackend.AdminBackendApplication -- Starting admin-backend...

  .   ____          _            __ _ _
 /\\ / ___'_ __ _ _(_)_ __  __ _ \ \ \ \
( ( )\___ | '_ | '_| | '_ \/ _` | \ \ \ \
 \\/  ___)| |_)| | | | | || (_| |  ) ) ) )
  '  |____| .__|_| |_|_| |_\__, | / / / /
 =========|_|==============|___/=/_/_/_/

 :: Spring Boot ::               (v3.5.14)

2026-07-15 17:30:37.496 INFO  [restartedMain] c.e.adminbackend.AdminBackendApplication - Starting AdminBackendApplication using Java 17.0.4.1 with PID 27288 (C:\completeproject\flintnthread-platform\admin-service\target\classes started by adari in C:\completeproject\flintnthread-platform\admin-service)
2026-07-15 17:30:37.501 INFO  [restartedMain] c.e.adminbackend.AdminBackendApplication - The following 1 profile is active: "local"
2026-07-15 17:30:37.602 INFO  [restartedMain] o.s.b.d.e.DevToolsPropertyDefaultsPostProcessor - Devtools property defaults active! Set 'spring.devtools.add-properties' to 'false' to disable
2026-07-15 17:30:37.603 INFO  [restartedMain] o.s.b.d.e.DevToolsPropertyDefaultsPostProcessor - For additional web related logging consider setting the 'logging.level.web' property to 'DEBUG'
2026-07-15 17:30:39.146 INFO  [restartedMain] o.s.d.r.c.RepositoryConfigurationDelegate - Bootstrapping Spring Data JPA repositories in DEFAULT mode.
2026-07-15 17:30:39.530 INFO  [restartedMain] o.s.d.r.c.RepositoryConfigurationDelegate - Finished Spring Data repository scanning in 365 ms. Found 46 JPA repository interfaces.
2026-07-15 17:30:40.277 INFO  [restartedMain] o.s.b.w.embedded.tomcat.TomcatWebServer - Tomcat initialized with port 8082 (http)
2026-07-15 17:30:40.297 INFO  [restartedMain] o.apache.catalina.core.StandardService - Starting service [Tomcat]
2026-07-15 17:30:40.298 INFO  [restartedMain] org.apache.catalina.core.StandardEngine - Starting Servlet engine: [Apache Tomcat/10.1.54]
2026-07-15 17:30:40.345 INFO  [restartedMain] o.a.c.c.C.[Tomcat].[localhost].[/] - Initializing Spring embedded WebApplicationContext
2026-07-15 17:30:40.345 INFO  [restartedMain] o.s.b.w.s.c.ServletWebServerApplicationContext - Root WebApplicationContext: initialization completed in 2740 ms
2026-07-15 17:30:40.619 INFO  [restartedMain] o.hibernate.jpa.internal.util.LogHelper - HHH000204: Processing PersistenceUnitInfo [name: default]
2026-07-15 17:30:40.700 INFO  [restartedMain] org.hibernate.Version - HHH000412: Hibernate ORM core version 6.6.49.Final
2026-07-15 17:30:40.745 INFO  [restartedMain] o.h.c.internal.RegionFactoryInitiator - HHH000026: Second-level cache disabled
2026-07-15 17:30:41.076 INFO  [restartedMain] o.s.o.j.p.SpringPersistenceUnitInfo - No LoadTimeWeaver setup: ignoring JPA class transformer
2026-07-15 17:30:41.115 INFO  [restartedMain] com.zaxxer.hikari.HikariDataSource - HikariPool-1 - Starting...
2026-07-15 17:30:41.306 INFO  [restartedMain] com.zaxxer.hikari.pool.HikariPool - HikariPool-1 - Added connection com.mysql.cj.jdbc.ConnectionImpl@af0bf00
2026-07-15 17:30:41.306 INFO  [restartedMain] com.zaxxer.hikari.HikariDataSource - HikariPool-1 - Start completed.
2026-07-15 17:30:41.379 WARN  [restartedMain] org.hibernate.orm.deprecation - HHH90000025: MySQLDialect does not need to be specified explicitly using 'hibernate.dialect' (remove the property setting and it will be selected by default)
2026-07-15 17:30:41.395 INFO  [restartedMain] org.hibernate.orm.connections.pooling - HHH10001005: Database info:
	Database JDBC URL [Connecting through datasource 'HikariDataSource (HikariPool-1)']
	Database driver: undefined/unknown
	Database version: 8.0.45
	Autocommit mode: undefined/unknown
	Isolation level: undefined/unknown
	Minimum pool size: undefined/unknown
	Maximum pool size: undefined/unknown
2026-07-15 17:30:43.094 INFO  [restartedMain] o.h.e.t.j.p.i.JtaPlatformInitiator - HHH000489: No JTA platform available (set 'hibernate.transaction.jta.platform' to enable JTA platform integration)
2026-07-15 17:30:43.094 INFO  [restartedMain] o.s.o.j.LocalContainerEntityManagerFactoryBean - Initialized JPA EntityManagerFactory for persistence unit 'default'
2026-07-15 17:30:43.560 INFO  [restartedMain] o.s.d.j.r.query.QueryEnhancerFactory - Hibernate is in classpath; If applicable, HQL parser will be used.
2026-07-15 17:30:45.228 DEBUG [restartedMain] o.springframework.jdbc.core.JdbcTemplate - Executing prepared SQL query
2026-07-15 17:30:45.230 DEBUG [restartedMain] o.springframework.jdbc.core.JdbcTemplate - Executing prepared SQL statement [SELECT setting_value FROM admin_settings WHERE setting_key = ? LIMIT 1]
2026-07-15 17:30:45.232 DEBUG [restartedMain] o.s.jdbc.datasource.DataSourceUtils - Fetching JDBC Connection from DataSource
2026-07-15 17:30:45.301 WARN  [restartedMain] c.e.a.s.PlatformIntegrationSettings - Could not read admin setting sendgrid_api_key: PreparedStatementCallback; bad SQL grammar [SELECT setting_value FROM admin_settings WHERE setting_key = ? LIMIT 1]
2026-07-15 17:30:47.225 WARN  [restartedMain] o.s.b.a.o.j.JpaBaseConfiguration$JpaWebConfiguration - spring.jpa.open-in-view is enabled by default. Therefore, database queries may be performed during view rendering. Explicitly configure spring.jpa.open-in-view to disable this warning
2026-07-15 17:30:47.449 WARN  [restartedMain] o.s.b.a.s.s.UserDetailsServiceAutoConfiguration - 

Using generated security password: 67fabe8b-fda6-4a37-bce4-3054ff5b5485

This generated password is for development use only. Your security configuration must be updated before running your application in production.

2026-07-15 17:30:47.449 INFO  [restartedMain] o.s.s.c.a.a.c.InitializeUserDetailsBeanManagerConfigurer$InitializeUserDetailsManagerConfigurer - Global AuthenticationManager configured with UserDetailsService bean with name inMemoryUserDetailsManager
2026-07-15 17:30:47.746 INFO  [restartedMain] o.s.b.d.a.OptionalLiveReloadServer - LiveReload server is running on port 35729
2026-07-15 17:30:47.794 INFO  [restartedMain] o.s.b.w.embedded.tomcat.TomcatWebServer - Tomcat started on port 8082 (http) with context path '/'
2026-07-15 17:30:47.808 INFO  [restartedMain] c.e.adminbackend.AdminBackendApplication - Started AdminBackendApplication in 10.977 seconds (process running for 11.742)
2026-07-15 17:30:47.942 DEBUG [restartedMain] org.hibernate.SQL - 
    select
        au1_0.id 
    from
        admin_users au1_0 
    where
        upper(au1_0.email)=upper(?) 
    limit
        ?
Hibernate: 
    select
        au1_0.id 
    from
        admin_users au1_0 
    where
        upper(au1_0.email)=upper(?) 
    limit
        ?
2026-07-15 17:30:47.944 TRACE [restartedMain] org.hibernate.orm.jdbc.bind - binding parameter (1:VARCHAR) <- [admin@flintnthread.in]
2026-07-15 17:30:47.945 TRACE [restartedMain] org.hibernate.orm.jdbc.bind - binding parameter (2:INTEGER) <- [1]
2026-07-15 17:30:47.968 DEBUG [restartedMain] o.springframework.jdbc.core.JdbcTemplate - Executing prepared SQL query
2026-07-15 17:30:47.969 DEBUG [restartedMain] o.springframework.jdbc.core.JdbcTemplate - Executing prepared SQL statement [SELECT COUNT(*)
FROM information_schema.TABLES
WHERE TABLE_SCHEMA = DATABASE()
  AND TABLE_NAME = ?
]
2026-07-15 17:30:47.969 DEBUG [restartedMain] o.s.jdbc.datasource.DataSourceUtils - Fetching JDBC Connection from DataSource
2026-07-15 17:30:47.983 DEBUG [restartedMain] o.springframework.jdbc.core.JdbcTemplate - Executing prepared SQL query
2026-07-15 17:30:47.983 DEBUG [restartedMain] o.springframework.jdbc.core.JdbcTemplate - Executing prepared SQL statement [SELECT COUNT(*)
FROM information_schema.TABLES
WHERE TABLE_SCHEMA = DATABASE()
  AND TABLE_NAME = ?
]
2026-07-15 17:30:47.984 DEBUG [restartedMain] o.s.jdbc.datasource.DataSourceUtils - Fetching JDBC Connection from DataSource
2026-07-15 17:30:47.987 DEBUG [restartedMain] o.springframework.jdbc.core.JdbcTemplate - Executing prepared SQL query
2026-07-15 17:30:47.988 DEBUG [restartedMain] o.springframework.jdbc.core.JdbcTemplate - Executing prepared SQL statement [SELECT COUNT(*)
FROM information_schema.TABLES
WHERE TABLE_SCHEMA = DATABASE()
  AND TABLE_NAME = ?
]
2026-07-15 17:30:47.989 DEBUG [restartedMain] o.s.jdbc.datasource.DataSourceUtils - Fetching JDBC Connection from DataSource
2026-07-15 17:30:47.991 DEBUG [restartedMain] o.springframework.jdbc.core.JdbcTemplate - Executing prepared SQL query
2026-07-15 17:30:47.992 DEBUG [restartedMain] o.springframework.jdbc.core.JdbcTemplate - Executing prepared SQL statement [SELECT COUNT(*)
FROM information_schema.TABLES
WHERE TABLE_SCHEMA = DATABASE()
  AND TABLE_NAME = ?
]
2026-07-15 17:30:47.993 DEBUG [restartedMain] o.s.jdbc.datasource.DataSourceUtils - Fetching JDBC Connection from DataSource
2026-07-15 17:30:47.995 DEBUG [restartedMain] o.springframework.jdbc.core.JdbcTemplate - Executing prepared SQL query
2026-07-15 17:30:47.996 DEBUG [restartedMain] o.springframework.jdbc.core.JdbcTemplate - Executing prepared SQL statement [SELECT COUNT(*)
FROM information_schema.COLUMNS
WHERE TABLE_SCHEMA = DATABASE()
  AND TABLE_NAME = ?
  AND COLUMN_NAME = ?
]
2026-07-15 17:30:47.997 DEBUG [restartedMain] o.s.jdbc.datasource.DataSourceUtils - Fetching JDBC Connection from DataSource
2026-07-15 17:30:47.999 DEBUG [restartedMain] o.springframework.jdbc.core.JdbcTemplate - Executing prepared SQL query
2026-07-15 17:30:48.000 DEBUG [restartedMain] o.springframework.jdbc.core.JdbcTemplate - Executing prepared SQL statement [SELECT COUNT(*)
FROM information_schema.TABLES
WHERE TABLE_SCHEMA = DATABASE()
  AND TABLE_NAME = ?
]
2026-07-15 17:30:48.000 DEBUG [restartedMain] o.s.jdbc.datasource.DataSourceUtils - Fetching JDBC Connection from DataSource
2026-07-15 17:30:48.003 DEBUG [restartedMain] o.springframework.jdbc.core.JdbcTemplate - Executing prepared SQL query
2026-07-15 17:30:48.004 DEBUG [restartedMain] o.springframework.jdbc.core.JdbcTemplate - Executing prepared SQL statement [SELECT COUNT(*)
FROM information_schema.COLUMNS
WHERE TABLE_SCHEMA = DATABASE()
  AND TABLE_NAME = ?
  AND COLUMN_NAME = ?
]
2026-07-15 17:30:48.004 DEBUG [restartedMain] o.s.jdbc.datasource.DataSourceUtils - Fetching JDBC Connection from DataSource
2026-07-15 17:30:48.006 DEBUG [restartedMain] o.springframework.jdbc.core.JdbcTemplate - Executing prepared SQL query
2026-07-15 17:30:48.006 DEBUG [restartedMain] o.springframework.jdbc.core.JdbcTemplate - Executing prepared SQL statement [SELECT COUNT(*)
FROM information_schema.TABLES
WHERE TABLE_SCHEMA = DATABASE()
  AND TABLE_NAME = ?
]
2026-07-15 17:30:48.007 DEBUG [restartedMain] o.s.jdbc.datasource.DataSourceUtils - Fetching JDBC Connection from DataSource
2026-07-15 17:30:48.009 DEBUG [restartedMain] o.springframework.jdbc.core.JdbcTemplate - Executing prepared SQL query
2026-07-15 17:30:48.009 DEBUG [restartedMain] o.springframework.jdbc.core.JdbcTemplate - Executing prepared SQL statement [SELECT COUNT(*)
FROM information_schema.COLUMNS
WHERE TABLE_SCHEMA = DATABASE()
  AND TABLE_NAME = ?
  AND COLUMN_NAME = ?
]
2026-07-15 17:30:48.010 DEBUG [restartedMain] o.s.jdbc.datasource.DataSourceUtils - Fetching JDBC Connection from DataSource
2026-07-15 17:30:48.011 DEBUG [restartedMain] o.springframework.jdbc.core.JdbcTemplate - Executing prepared SQL query
2026-07-15 17:30:48.012 DEBUG [restartedMain] o.springframework.jdbc.core.JdbcTemplate - Executing prepared SQL statement [SELECT COUNT(*)
FROM information_schema.TABLES
WHERE TABLE_SCHEMA = DATABASE()
  AND TABLE_NAME = ?
]
2026-07-15 17:30:48.013 DEBUG [restartedMain] o.s.jdbc.datasource.DataSourceUtils - Fetching JDBC Connection from DataSource
2026-07-15 17:30:48.013 DEBUG [restartedMain] o.springframework.jdbc.core.JdbcTemplate - Executing prepared SQL query
2026-07-15 17:30:48.013 DEBUG [restartedMain] o.springframework.jdbc.core.JdbcTemplate - Executing prepared SQL statement [SELECT COUNT(*)
FROM information_schema.COLUMNS
WHERE TABLE_SCHEMA = DATABASE()
  AND TABLE_NAME = ?
  AND COLUMN_NAME = ?
]
2026-07-15 17:30:48.013 DEBUG [restartedMain] o.s.jdbc.datasource.DataSourceUtils - Fetching JDBC Connection from DataSource
2026-07-15 17:30:48.021 INFO  [restartedMain] c.e.adminbackend.AdminBackendApplication - admin-backend is ready and accepting requests on port 8082
2026-07-15 17:30:48.818 INFO  [http-nio-0.0.0.0-8082-exec-1] o.a.c.c.C.[Tomcat].[localhost].[/] - Initializing Spring DispatcherServlet 'dispatcherServlet'
2026-07-15 17:30:48.818 INFO  [http-nio-0.0.0.0-8082-exec-1] o.s.web.servlet.DispatcherServlet - Initializing Servlet 'dispatcherServlet'
2026-07-15 17:30:48.833 INFO  [http-nio-0.0.0.0-8082-exec-1] o.s.web.servlet.DispatcherServlet - Completed initialization in 15 ms
2026-07-15 17:30:49.037 DEBUG [http-nio-0.0.0.0-8082-exec-1] org.hibernate.SQL - 
    select
        au1_0.id,
        au1_0.created_at,
        au1_0.email,
        au1_0.last_login,
        au1_0.name,
        au1_0.password,
        au1_0.role,
        au1_0.status,
        au1_0.updated_at,
        au1_0.username 
    from
        admin_users au1_0 
    where
        upper(au1_0.email)=upper(?)
Hibernate: 
    select
        au1_0.id,
        au1_0.created_at,
        au1_0.email,
        au1_0.last_login,
        au1_0.name,
        au1_0.password,
        au1_0.role,
        au1_0.status,
        au1_0.updated_at,
        au1_0.username 
    from
        admin_users au1_0 
    where
        upper(au1_0.email)=upper(?)
2026-07-15 17:30:49.037 TRACE [http-nio-0.0.0.0-8082-exec-1] org.hibernate.orm.jdbc.bind - binding parameter (1:VARCHAR) <- [admin@gmail.com]
2026-07-15 17:30:49.191 INFO  [http-nio-0.0.0.0-8082-exec-1] c.e.a.service.impl.AdminAuthServiceImpl - Admin login successful: adminId=4, email=admin@gmail.com
2026-07-15 17:30:49.308 DEBUG [http-nio-0.0.0.0-8082-exec-1] org.hibernate.SQL - 
    update
        admin_users 
    set
        email=?,
        last_login=?,
        name=?,
        password=?,
        role=?,
        status=?,
        username=? 
    where
        id=?
Hibernate: 
    update
        admin_users 
    set
        email=?,
        last_login=?,
        name=?,
        password=?,
        role=?,
        status=?,
        username=? 
    where
        id=?
2026-07-15 17:30:49.320 TRACE [http-nio-0.0.0.0-8082-exec-1] org.hibernate.orm.jdbc.bind - binding parameter (1:VARCHAR) <- [admin@gmail.com]
2026-07-15 17:30:49.320 TRACE [http-nio-0.0.0.0-8082-exec-1] org.hibernate.orm.jdbc.bind - binding parameter (2:TIMESTAMP) <- [2026-07-15T17:30:49.174904400]
2026-07-15 17:30:49.321 TRACE [http-nio-0.0.0.0-8082-exec-1] org.hibernate.orm.jdbc.bind - binding parameter (3:VARCHAR) <- [Super Admin]
2026-07-15 17:30:49.321 TRACE [http-nio-0.0.0.0-8082-exec-1] org.hibernate.orm.jdbc.bind - binding parameter (4:VARCHAR) <- [$2a$10$roE16DRSlPDlA.lHxLOmJeLXJIK/vWbSwYqO4.nKxX1PSSC/VebN2]
2026-07-15 17:30:49.322 TRACE [http-nio-0.0.0.0-8082-exec-1] org.hibernate.orm.jdbc.bind - binding parameter (5:ENUM) <- [super_admin]
2026-07-15 17:30:49.322 TRACE [http-nio-0.0.0.0-8082-exec-1] org.hibernate.orm.jdbc.bind - binding parameter (6:ENUM) <- [active]
2026-07-15 17:30:49.323 TRACE [http-nio-0.0.0.0-8082-exec-1] org.hibernate.orm.jdbc.bind - binding parameter (7:VARCHAR) <- [superadmin]
2026-07-15 17:30:49.324 TRACE [http-nio-0.0.0.0-8082-exec-1] org.hibernate.orm.jdbc.bind - binding parameter (8:BIGINT) <- [4]
2026-07-15 17:30:49.357 INFO  [http-nio-0.0.0.0-8082-exec-1] c.e.a.logging.AdminRequestLoggingFilter - API POST /api/admin/auth/login -> 200 (522 ms)
2026-07-15 17:30:49.507 DEBUG [http-nio-0.0.0.0-8082-exec-3] o.s.jdbc.datasource.DataSourceUtils - Setting JDBC Connection [HikariProxyConnection@1374407078 wrapping com.mysql.cj.jdbc.ConnectionImpl@af0bf00] read-only
2026-07-15 17:30:49.524 DEBUG [http-nio-0.0.0.0-8082-exec-3] org.hibernate.SQL - 
    select
        o1_0.id,
        o1_0.address_id,
        o1_0.billing_address1,
        o1_0.billing_address2,
        o1_0.billing_city,
        o1_0.billing_country,
        o1_0.billing_email,
        o1_0.billing_name,
        o1_0.billing_phone,
        o1_0.billing_pincode,
        o1_0.billing_state,
        o1_0.created_at,
        o1_0.discount_amount,
        o1_0.gst_info,
        o1_0.gst_number,
        o1_0.order_notes,
        o1_0.order_number,
        o1_0.order_status,
        o1_0.payment_method,
        o1_0.payment_status,
        o1_0.razorpay_order_id,
        o1_0.razorpay_payment_id,
        o1_0.razorpay_signature,
        o1_0.referral_discount_amount,
        o1_0.referral_discount_percent,
        o1_0.seller_payment_status,
        o1_0.session_id,
        o1_0.shipping_address1,
        o1_0.shipping_address2,
        o1_0.shipping_amount,
        o1_0.shipping_city,
        o1_0.shipping_country,
        o1_0.shipping_email,
        o1_0.shipping_name,
        o1_0.shipping_phone,
        o1_0.shipping_pincode,
        o1_0.shipping_state,
        o1_0.shiprocket_awb_code,
        o1_0.shiprocket_courier_name,
        o1_0.shiprocket_order_id,
        o1_0.shiprocket_pushed_at,
        o1_0.shiprocket_shipment_id,
        o1_0.shiprocket_status,
        o1_0.shiprocket_synced_at,
        o1_0.shiprocket_tracking_url,
        o1_0.tax_amount,
        o1_0.total_amount,
        o1_0.updated_at,
        o1_0.user_id,
        o1_0.wallet_deduction 
    from
        orders o1_0 
    where
        (
            ? is null 
            or ?='' 
            or lower(o1_0.order_status)=lower(?)
        ) 
        and (
            ? is null 
            or ?='' 
            or lower(o1_0.payment_status)=lower(?)
        ) 
        and (
            ? is null 
            or ?='' 
            or lower(coalesce(o1_0.payment_method, '')) like lower(concat('%', ?, '%')) escape ''
        ) 
        and (
            ? is null 
            or ?='' 
            or lower(o1_0.order_number) like lower(concat('%', ?, '%')) escape '' 
            or lower(o1_0.shipping_name) like lower(concat('%', ?, '%')) escape '' 
            or lower(o1_0.shipping_email) like lower(concat('%', ?, '%')) escape '' 
            or o1_0.shipping_phone like concat('%', ?, '%') escape ''
        ) 
        and (
            ? is null 
            or exists(select
                1 
            from
                order_items oi1_0 
            where
                oi1_0.order_id=o1_0.id 
                and oi1_0.seller_id=?)
        ) 
    order by
        o1_0.created_at desc 
    limit
        ?
Hibernate: 
    select
        o1_0.id,
        o1_0.address_id,
        o1_0.billing_address1,
        o1_0.billing_address2,
        o1_0.billing_city,
        o1_0.billing_country,
        o1_0.billing_email,
        o1_0.billing_name,
        o1_0.billing_phone,
        o1_0.billing_pincode,
        o1_0.billing_state,
        o1_0.created_at,
        o1_0.discount_amount,
        o1_0.gst_info,
        o1_0.gst_number,
        o1_0.order_notes,
        o1_0.order_number,
        o1_0.order_status,
        o1_0.payment_method,
        o1_0.payment_status,
        o1_0.razorpay_order_id,
        o1_0.razorpay_payment_id,
        o1_0.razorpay_signature,
        o1_0.referral_discount_amount,
        o1_0.referral_discount_percent,
        o1_0.seller_payment_status,
        o1_0.session_id,
        o1_0.shipping_address1,
        o1_0.shipping_address2,
        o1_0.shipping_amount,
        o1_0.shipping_city,
        o1_0.shipping_country,
        o1_0.shipping_email,
        o1_0.shipping_name,
        o1_0.shipping_phone,
        o1_0.shipping_pincode,
        o1_0.shipping_state,
        o1_0.shiprocket_awb_code,
        o1_0.shiprocket_courier_name,
        o1_0.shiprocket_order_id,
        o1_0.shiprocket_pushed_at,
        o1_0.shiprocket_shipment_id,
        o1_0.shiprocket_status,
        o1_0.shiprocket_synced_at,
        o1_0.shiprocket_tracking_url,
        o1_0.tax_amount,
        o1_0.total_amount,
        o1_0.updated_at,
        o1_0.user_id,
        o1_0.wallet_deduction 
    from
        orders o1_0 
    where
        (
            ? is null 
            or ?='' 
            or lower(o1_0.order_status)=lower(?)
        ) 
        and (
            ? is null 
            or ?='' 
            or lower(o1_0.payment_status)=lower(?)
        ) 
        and (
            ? is null 
            or ?='' 
            or lower(coalesce(o1_0.payment_method, '')) like lower(concat('%', ?, '%')) escape ''
        ) 
        and (
            ? is null 
            or ?='' 
            or lower(o1_0.order_number) like lower(concat('%', ?, '%')) escape '' 
            or lower(o1_0.shipping_name) like lower(concat('%', ?, '%')) escape '' 
            or lower(o1_0.shipping_email) like lower(concat('%', ?, '%')) escape '' 
            or o1_0.shipping_phone like concat('%', ?, '%') escape ''
        ) 
        and (
            ? is null 
            or exists(select
                1 
            from
                order_items oi1_0 
            where
                oi1_0.order_id=o1_0.id 
                and oi1_0.seller_id=?)
        ) 
    order by
        o1_0.created_at desc 
    limit
        ?
2026-07-15 17:30:49.536 TRACE [http-nio-0.0.0.0-8082-exec-3] org.hibernate.orm.jdbc.bind - binding parameter (1:VARCHAR) <- [null]
2026-07-15 17:30:49.537 TRACE [http-nio-0.0.0.0-8082-exec-3] org.hibernate.orm.jdbc.bind - binding parameter (2:VARCHAR) <- [null]
2026-07-15 17:30:49.537 TRACE [http-nio-0.0.0.0-8082-exec-3] org.hibernate.orm.jdbc.bind - binding parameter (3:VARCHAR) <- [null]
2026-07-15 17:30:49.538 TRACE [http-nio-0.0.0.0-8082-exec-3] org.hibernate.orm.jdbc.bind - binding parameter (4:VARCHAR) <- [null]
2026-07-15 17:30:49.538 TRACE [http-nio-0.0.0.0-8082-exec-3] org.hibernate.orm.jdbc.bind - binding parameter (5:VARCHAR) <- [null]
2026-07-15 17:30:49.538 TRACE [http-nio-0.0.0.0-8082-exec-3] org.hibernate.orm.jdbc.bind - binding parameter (6:VARCHAR) <- [null]
2026-07-15 17:30:49.538 TRACE [http-nio-0.0.0.0-8082-exec-3] org.hibernate.orm.jdbc.bind - binding parameter (7:VARCHAR) <- [null]
2026-07-15 17:30:49.539 TRACE [http-nio-0.0.0.0-8082-exec-3] org.hibernate.orm.jdbc.bind - binding parameter (8:VARCHAR) <- [null]
2026-07-15 17:30:49.539 TRACE [http-nio-0.0.0.0-8082-exec-3] org.hibernate.orm.jdbc.bind - binding parameter (9:VARCHAR) <- [null]
2026-07-15 17:30:49.539 TRACE [http-nio-0.0.0.0-8082-exec-3] org.hibernate.orm.jdbc.bind - binding parameter (10:VARCHAR) <- [null]
2026-07-15 17:30:49.540 TRACE [http-nio-0.0.0.0-8082-exec-3] org.hibernate.orm.jdbc.bind - binding parameter (11:VARCHAR) <- [null]
2026-07-15 17:30:49.540 TRACE [http-nio-0.0.0.0-8082-exec-3] org.hibernate.orm.jdbc.bind - binding parameter (12:VARCHAR) <- [null]
2026-07-15 17:30:49.540 TRACE [http-nio-0.0.0.0-8082-exec-3] org.hibernate.orm.jdbc.bind - binding parameter (13:VARCHAR) <- [null]
2026-07-15 17:30:49.540 TRACE [http-nio-0.0.0.0-8082-exec-3] org.hibernate.orm.jdbc.bind - binding parameter (14:VARCHAR) <- [null]
2026-07-15 17:30:49.540 TRACE [http-nio-0.0.0.0-8082-exec-3] org.hibernate.orm.jdbc.bind - binding parameter (15:VARCHAR) <- [null]
2026-07-15 17:30:49.540 TRACE [http-nio-0.0.0.0-8082-exec-3] org.hibernate.orm.jdbc.bind - binding parameter (16:BIGINT) <- [248]
2026-07-15 17:30:49.540 TRACE [http-nio-0.0.0.0-8082-exec-3] org.hibernate.orm.jdbc.bind - binding parameter (17:BIGINT) <- [248]
2026-07-15 17:30:49.540 TRACE [http-nio-0.0.0.0-8082-exec-3] org.hibernate.orm.jdbc.bind - binding parameter (18:INTEGER) <- [3]
2026-07-15 17:30:49.540 WARN  [http-nio-0.0.0.0-8082-exec-3] o.h.engine.jdbc.spi.SqlExceptionHelper - SQL Error: 1054, SQLState: 42S22
2026-07-15 17:30:49.540 ERROR [http-nio-0.0.0.0-8082-exec-3] o.h.engine.jdbc.spi.SqlExceptionHelper - Unknown column 'o1_0.address_id' in 'field list'
2026-07-15 17:30:49.553 DEBUG [http-nio-0.0.0.0-8082-exec-3] o.s.jdbc.datasource.DataSourceUtils - Resetting read-only flag of JDBC Connection [HikariProxyConnection@1374407078 wrapping com.mysql.cj.jdbc.ConnectionImpl@af0bf00]
2026-07-15 17:30:49.556 ERROR [http-nio-0.0.0.0-8082-exec-3] c.e.a.exception.GlobalExceptionHandler - Unexpected admin API error
org.springframework.dao.InvalidDataAccessResourceUsageException: JDBC exception executing SQL [select o1_0.id,o1_0.address_id,o1_0.billing_address1,o1_0.billing_address2,o1_0.billing_city,o1_0.billing_country,o1_0.billing_email,o1_0.billing_name,o1_0.billing_phone,o1_0.billing_pincode,o1_0.billing_state,o1_0.created_at,o1_0.discount_amount,o1_0.gst_info,o1_0.gst_number,o1_0.order_notes,o1_0.order_number,o1_0.order_status,o1_0.payment_method,o1_0.payment_status,o1_0.razorpay_order_id,o1_0.razorpay_payment_id,o1_0.razorpay_signature,o1_0.referral_discount_amount,o1_0.referral_discount_percent,o1_0.seller_payment_status,o1_0.session_id,o1_0.shipping_address1,o1_0.shipping_address2,o1_0.shipping_amount,o1_0.shipping_city,o1_0.shipping_country,o1_0.shipping_email,o1_0.shipping_name,o1_0.shipping_phone,o1_0.shipping_pincode,o1_0.shipping_state,o1_0.shiprocket_awb_code,o1_0.shiprocket_courier_name,o1_0.shiprocket_order_id,o1_0.shiprocket_pushed_at,o1_0.shiprocket_shipment_id,o1_0.shiprocket_status,o1_0.shiprocket_synced_at,o1_0.shiprocket_tracking_url,o1_0.tax_amount,o1_0.total_amount,o1_0.updated_at,o1_0.user_id,o1_0.wallet_deduction from orders o1_0 where (? is null or ?='' or lower(o1_0.order_status)=lower(?)) and (? is null or ?='' or lower(o1_0.payment_status)=lower(?)) and (? is null or ?='' or lower(coalesce(o1_0.payment_method,'')) like lower(concat('%',?,'%')) escape '') and (? is null or ?='' or lower(o1_0.order_number) like lower(concat('%',?,'%')) escape '' or lower(o1_0.shipping_name) like lower(concat('%',?,'%')) escape '' or lower(o1_0.shipping_email) like lower(concat('%',?,'%')) escape '' or o1_0.shipping_phone like concat('%',?,'%') escape '') and (? is null or exists(select 1 from order_items oi1_0 where oi1_0.order_id=o1_0.id and oi1_0.seller_id=?)) order by o1_0.created_at desc limit ?] [Unknown column 'o1_0.address_id' in 'field list'] [n/a]; SQL [n/a]
	at org.springframework.orm.jpa.vendor.HibernateJpaDialect.convertHibernateAccessException(HibernateJpaDialect.java:281)
	at org.springframework.orm.jpa.vendor.HibernateJpaDialect.convertHibernateAccessException(HibernateJpaDialect.java:256)
	at org.springframework.orm.jpa.vendor.HibernateJpaDialect.translateExceptionIfPossible(HibernateJpaDialect.java:241)
	at org.springframework.orm.jpa.AbstractEntityManagerFactoryBean.translateExceptionIfPossible(AbstractEntityManagerFactoryBean.java:560)
	at org.springframework.dao.support.ChainedPersistenceExceptionTranslator.translateExceptionIfPossible(ChainedPersistenceExceptionTranslator.java:61)
	at org.springframework.dao.support.DataAccessUtils.translateIfNecessary(DataAccessUtils.java:343)
	at org.springframework.dao.support.PersistenceExceptionTranslationInterceptor.invoke(PersistenceExceptionTranslationInterceptor.java:160)
	at org.springframework.aop.framework.ReflectiveMethodInvocation.proceed(ReflectiveMethodInvocation.java:184)
	at org.springframework.data.jpa.repository.support.CrudMethodMetadataPostProcessor$CrudMethodMetadataPopulatingMethodInterceptor.invoke(CrudMethodMetadataPostProcessor.java:136)
	at org.springframework.aop.framework.ReflectiveMethodInvocation.proceed(ReflectiveMethodInvocation.java:184)
	at org.springframework.aop.framework.JdkDynamicAopProxy.invoke(JdkDynamicAopProxy.java:223)
	at jdk.proxy4/jdk.proxy4.$Proxy165.searchOrders(Unknown Source)
	at com.ecommerce.adminbackend.service.impl.OrderAdminServiceImpl.listOrders(OrderAdminServiceImpl.java:72)
	at java.base/jdk.internal.reflect.NativeMethodAccessorImpl.invoke0(Native Method)
	at java.base/jdk.internal.reflect.NativeMethodAccessorImpl.invoke(NativeMethodAccessorImpl.java:77)
	at java.base/jdk.internal.reflect.DelegatingMethodAccessorImpl.invoke(DelegatingMethodAccessorImpl.java:43)
	at java.base/java.lang.reflect.Method.invoke(Method.java:568)
	at org.springframework.aop.support.AopUtils.invokeJoinpointUsingReflection(AopUtils.java:360)
	at org.springframework.aop.framework.ReflectiveMethodInvocation.invokeJoinpoint(ReflectiveMethodInvocation.java:196)
	at org.springframework.aop.framework.ReflectiveMethodInvocation.proceed(ReflectiveMethodInvocation.java:163)
	at org.springframework.transaction.interceptor.TransactionAspectSupport.invokeWithinTransaction(TransactionAspectSupport.java:380)
	at org.springframework.transaction.interceptor.TransactionInterceptor.invoke(TransactionInterceptor.java:119)
	at org.springframework.aop.framework.ReflectiveMethodInvocation.proceed(ReflectiveMethodInvocation.java:184)
	at org.springframework.aop.framework.CglibAopProxy$DynamicAdvisedInterceptor.intercept(CglibAopProxy.java:728)
	at com.ecommerce.adminbackend.service.impl.OrderAdminServiceImpl$$SpringCGLIB$$0.listOrders(<generated>)
	at com.ecommerce.adminbackend.controller.OrderAdminController.listOrders(OrderAdminController.java:41)
	at java.base/jdk.internal.reflect.NativeMethodAccessorImpl.invoke0(Native Method)
	at java.base/jdk.internal.reflect.NativeMethodAccessorImpl.invoke(NativeMethodAccessorImpl.java:77)
	at java.base/jdk.internal.reflect.DelegatingMethodAccessorImpl.invoke(DelegatingMethodAccessorImpl.java:43)
	at java.base/java.lang.reflect.Method.invoke(Method.java:568)
	at org.springframework.web.method.support.InvocableHandlerMethod.doInvoke(InvocableHandlerMethod.java:258)
	at org.springframework.web.method.support.InvocableHandlerMethod.invokeForRequest(InvocableHandlerMethod.java:191)
	at org.springframework.web.servlet.mvc.method.annotation.ServletInvocableHandlerMethod.invokeAndHandle(ServletInvocableHandlerMethod.java:118)
	at org.springframework.web.servlet.mvc.method.annotation.RequestMappingHandlerAdapter.invokeHandlerMethod(RequestMappingHandlerAdapter.java:991)
	at org.springframework.web.servlet.mvc.method.annotation.RequestMappingHandlerAdapter.handleInternal(RequestMappingHandlerAdapter.java:896)
	at org.springframework.web.servlet.mvc.method.AbstractHandlerMethodAdapter.handle(AbstractHandlerMethodAdapter.java:87)
	at org.springframework.web.servlet.DispatcherServlet.doDispatch(DispatcherServlet.java:1089)
	at org.springframework.web.servlet.DispatcherServlet.doService(DispatcherServlet.java:979)
	at org.springframework.web.servlet.FrameworkServlet.processRequest(FrameworkServlet.java:1014)
	at org.springframework.web.servlet.FrameworkServlet.doGet(FrameworkServlet.java:903)
	at jakarta.servlet.http.HttpServlet.service(HttpServlet.java:564)
	at org.springframework.web.servlet.FrameworkServlet.service(FrameworkServlet.java:885)
	at jakarta.servlet.http.HttpServlet.service(HttpServlet.java:658)
	at org.apache.catalina.core.ApplicationFilterChain.internalDoFilter(ApplicationFilterChain.java:193)
	at org.apache.catalina.core.ApplicationFilterChain.doFilter(ApplicationFilterChain.java:138)
	at org.apache.tomcat.websocket.server.WsFilter.doFilter(WsFilter.java:51)
	at org.apache.catalina.core.ApplicationFilterChain.internalDoFilter(ApplicationFilterChain.java:162)
	at org.apache.catalina.core.ApplicationFilterChain.doFilter(ApplicationFilterChain.java:138)
	at org.springframework.web.filter.OncePerRequestFilter.doFilter(OncePerRequestFilter.java:110)
	at org.apache.catalina.core.ApplicationFilterChain.internalDoFilter(ApplicationFilterChain.java:162)
	at org.apache.catalina.core.ApplicationFilterChain.doFilter(ApplicationFilterChain.java:138)
	at org.springframework.web.filter.CompositeFilter$VirtualFilterChain.doFilter(CompositeFilter.java:108)
	at org.springframework.web.filter.CompositeFilter$VirtualFilterChain.doFilter(CompositeFilter.java:108)
	at org.springframework.security.web.FilterChainProxy.lambda$doFilterInternal$3(FilterChainProxy.java:231)
	at org.springframework.security.web.FilterChainProxy$VirtualFilterChain.doFilter(FilterChainProxy.java:370)
	at org.springframework.security.web.access.intercept.AuthorizationFilter.doFilter(AuthorizationFilter.java:101)
	at org.springframework.security.web.FilterChainProxy$VirtualFilterChain.doFilter(FilterChainProxy.java:379)
	at org.springframework.security.web.access.ExceptionTranslationFilter.doFilter(ExceptionTranslationFilter.java:125)
	at org.springframework.security.web.access.ExceptionTranslationFilter.doFilter(ExceptionTranslationFilter.java:119)
	at org.springframework.security.web.FilterChainProxy$VirtualFilterChain.doFilter(FilterChainProxy.java:379)
	at org.springframework.security.web.session.SessionManagementFilter.doFilter(SessionManagementFilter.java:131)
	at org.springframework.security.web.session.SessionManagementFilter.doFilter(SessionManagementFilter.java:85)
	at org.springframework.security.web.FilterChainProxy$VirtualFilterChain.doFilter(FilterChainProxy.java:379)
	at org.springframework.security.web.authentication.AnonymousAuthenticationFilter.doFilter(AnonymousAuthenticationFilter.java:100)
	at org.springframework.security.web.FilterChainProxy$VirtualFilterChain.doFilter(FilterChainProxy.java:379)
	at org.springframework.security.web.servletapi.SecurityContextHolderAwareRequestFilter.doFilter(SecurityContextHolderAwareRequestFilter.java:179)
	at org.springframework.security.web.FilterChainProxy$VirtualFilterChain.doFilter(FilterChainProxy.java:379)
	at org.springframework.security.web.savedrequest.RequestCacheAwareFilter.doFilter(RequestCacheAwareFilter.java:63)
	at org.springframework.security.web.FilterChainProxy$VirtualFilterChain.doFilter(FilterChainProxy.java:379)
	at com.ecommerce.adminbackend.security.AdminJwtAuthenticationFilter.doFilterInternal(AdminJwtAuthenticationFilter.java:80)
	at org.springframework.web.filter.OncePerRequestFilter.doFilter(OncePerRequestFilter.java:116)
	at org.springframework.security.web.FilterChainProxy$VirtualFilterChain.doFilter(FilterChainProxy.java:379)
	at org.springframework.security.web.authentication.logout.LogoutFilter.doFilter(LogoutFilter.java:107)
	at org.springframework.security.web.authentication.logout.LogoutFilter.doFilter(LogoutFilter.java:93)
	at org.springframework.security.web.FilterChainProxy$VirtualFilterChain.doFilter(FilterChainProxy.java:379)
	at org.springframework.web.filter.CorsFilter.doFilterInternal(CorsFilter.java:91)
	at org.springframework.web.filter.OncePerRequestFilter.doFilter(OncePerRequestFilter.java:116)
	at org.springframework.security.web.FilterChainProxy$VirtualFilterChain.doFilter(FilterChainProxy.java:379)
	at org.springframework.security.web.header.HeaderWriterFilter.doHeadersAfter(HeaderWriterFilter.java:90)
	at org.springframework.security.web.header.HeaderWriterFilter.doFilterInternal(HeaderWriterFilter.java:75)
	at org.springframework.web.filter.OncePerRequestFilter.doFilter(OncePerRequestFilter.java:116)
	at org.springframework.security.web.FilterChainProxy$VirtualFilterChain.doFilter(FilterChainProxy.java:379)
	at org.springframework.security.web.context.SecurityContextHolderFilter.doFilter(SecurityContextHolderFilter.java:82)
	at org.springframework.security.web.context.SecurityContextHolderFilter.doFilter(SecurityContextHolderFilter.java:69)
	at org.springframework.security.web.FilterChainProxy$VirtualFilterChain.doFilter(FilterChainProxy.java:379)
	at org.springframework.security.web.context.request.async.WebAsyncManagerIntegrationFilter.doFilterInternal(WebAsyncManagerIntegrationFilter.java:62)
	at org.springframework.web.filter.OncePerRequestFilter.doFilter(OncePerRequestFilter.java:116)
	at org.springframework.security.web.FilterChainProxy$VirtualFilterChain.doFilter(FilterChainProxy.java:379)
	at org.springframework.security.web.session.DisableEncodeUrlFilter.doFilterInternal(DisableEncodeUrlFilter.java:42)
	at org.springframework.web.filter.OncePerRequestFilter.doFilter(OncePerRequestFilter.java:116)
	at org.springframework.security.web.FilterChainProxy$VirtualFilterChain.doFilter(FilterChainProxy.java:379)
	at org.springframework.security.web.FilterChainProxy.doFilterInternal(FilterChainProxy.java:233)
	at org.springframework.security.web.FilterChainProxy.doFilter(FilterChainProxy.java:191)
	at org.springframework.web.filter.CompositeFilter$VirtualFilterChain.doFilter(CompositeFilter.java:113)
	at org.springframework.web.filter.ServletRequestPathFilter.doFilter(ServletRequestPathFilter.java:52)
	at org.springframework.web.filter.CompositeFilter$VirtualFilterChain.doFilter(CompositeFilter.java:113)
	at org.springframework.web.filter.CompositeFilter.doFilter(CompositeFilter.java:74)
	at org.springframework.security.config.annotation.web.configuration.WebSecurityConfiguration$CompositeFilterChainProxy.doFilter(WebSecurityConfiguration.java:319)
	at org.springframework.web.filter.CompositeFilter$VirtualFilterChain.doFilter(CompositeFilter.java:113)
	at org.springframework.web.servlet.handler.HandlerMappingIntrospector.lambda$createCacheFilter$4(HandlerMappingIntrospector.java:267)
	at org.springframework.web.filter.CompositeFilter$VirtualFilterChain.doFilter(CompositeFilter.java:113)
	at org.springframework.web.filter.CompositeFilter.doFilter(CompositeFilter.java:74)
	at org.springframework.security.config.annotation.web.configuration.WebMvcSecurityConfiguration$CompositeFilterChainProxy.doFilter(WebMvcSecurityConfiguration.java:240)
	at org.springframework.web.filter.DelegatingFilterProxy.invokeDelegate(DelegatingFilterProxy.java:362)
	at org.springframework.web.filter.DelegatingFilterProxy.doFilter(DelegatingFilterProxy.java:278)
	at org.apache.catalina.core.ApplicationFilterChain.internalDoFilter(ApplicationFilterChain.java:162)
	at org.apache.catalina.core.ApplicationFilterChain.doFilter(ApplicationFilterChain.java:138)
	at org.springframework.web.filter.RequestContextFilter.doFilterInternal(RequestContextFilter.java:100)
	at org.springframework.web.filter.OncePerRequestFilter.doFilter(OncePerRequestFilter.java:116)
	at org.apache.catalina.core.ApplicationFilterChain.internalDoFilter(ApplicationFilterChain.java:162)
	at org.apache.catalina.core.ApplicationFilterChain.doFilter(ApplicationFilterChain.java:138)
	at org.springframework.web.filter.FormContentFilter.doFilterInternal(FormContentFilter.java:93)
	at org.springframework.web.filter.OncePerRequestFilter.doFilter(OncePerRequestFilter.java:116)
	at org.apache.catalina.core.ApplicationFilterChain.internalDoFilter(ApplicationFilterChain.java:162)
	at org.apache.catalina.core.ApplicationFilterChain.doFilter(ApplicationFilterChain.java:138)
	at com.ecommerce.adminbackend.logging.AdminRequestLoggingFilter.doFilterInternal(AdminRequestLoggingFilter.java:51)
	at org.springframework.web.filter.OncePerRequestFilter.doFilter(OncePerRequestFilter.java:116)
	at org.apache.catalina.core.ApplicationFilterChain.internalDoFilter(ApplicationFilterChain.java:162)
	at org.apache.catalina.core.ApplicationFilterChain.doFilter(ApplicationFilterChain.java:138)
	at org.springframework.web.filter.CharacterEncodingFilter.doFilterInternal(CharacterEncodingFilter.java:201)
	at org.springframework.web.filter.OncePerRequestFilter.doFilter(OncePerRequestFilter.java:116)
	at org.apache.catalina.core.ApplicationFilterChain.internalDoFilter(ApplicationFilterChain.java:162)
	at org.apache.catalina.core.ApplicationFilterChain.doFilter(ApplicationFilterChain.java:138)
	at org.apache.catalina.core.StandardWrapperValve.invoke(StandardWrapperValve.java:165)
	at org.apache.catalina.core.StandardContextValve.invoke(StandardContextValve.java:88)
	at org.apache.catalina.authenticator.AuthenticatorBase.invoke(AuthenticatorBase.java:492)
	at org.apache.catalina.core.StandardHostValve.invoke(StandardHostValve.java:113)
	at org.apache.catalina.valves.ErrorReportValve.invoke(ErrorReportValve.java:83)
	at org.apache.catalina.core.StandardEngineValve.invoke(StandardEngineValve.java:72)
	at org.apache.catalina.connector.CoyoteAdapter.service(CoyoteAdapter.java:342)
	at org.apache.coyote.http11.Http11Processor.service(Http11Processor.java:399)
	at org.apache.coyote.AbstractProcessorLight.process(AbstractProcessorLight.java:63)
	at org.apache.coyote.AbstractProtocol$ConnectionHandler.process(AbstractProtocol.java:903)
	at org.apache.tomcat.util.net.NioEndpoint$SocketProcessor.doRun(NioEndpoint.java:1797)
	at org.apache.tomcat.util.net.SocketProcessorBase.run(SocketProcessorBase.java:52)
	at org.apache.tomcat.util.threads.ThreadPoolExecutor.runWorker(ThreadPoolExecutor.java:973)
	at org.apache.tomcat.util.threads.ThreadPoolExecutor$Worker.run(ThreadPoolExecutor.java:491)
	at org.apache.tomcat.util.threads.TaskThread$WrappingRunnable.run(TaskThread.java:63)
	at java.base/java.lang.Thread.run(Thread.java:833)
Caused by: org.hibernate.exception.SQLGrammarException: JDBC exception executing SQL [select o1_0.id,o1_0.address_id,o1_0.billing_address1,o1_0.billing_address2,o1_0.billing_city,o1_0.billing_country,o1_0.billing_email,o1_0.billing_name,o1_0.billing_phone,o1_0.billing_pincode,o1_0.billing_state,o1_0.created_at,o1_0.discount_amount,o1_0.gst_info,o1_0.gst_number,o1_0.order_notes,o1_0.order_number,o1_0.order_status,o1_0.payment_method,o1_0.payment_status,o1_0.razorpay_order_id,o1_0.razorpay_payment_id,o1_0.razorpay_signature,o1_0.referral_discount_amount,o1_0.referral_discount_percent,o1_0.seller_payment_status,o1_0.session_id,o1_0.shipping_address1,o1_0.shipping_address2,o1_0.shipping_amount,o1_0.shipping_city,o1_0.shipping_country,o1_0.shipping_email,o1_0.shipping_name,o1_0.shipping_phone,o1_0.shipping_pincode,o1_0.shipping_state,o1_0.shiprocket_awb_code,o1_0.shiprocket_courier_name,o1_0.shiprocket_order_id,o1_0.shiprocket_pushed_at,o1_0.shiprocket_shipment_id,o1_0.shiprocket_status,o1_0.shiprocket_synced_at,o1_0.shiprocket_tracking_url,o1_0.tax_amount,o1_0.total_amount,o1_0.updated_at,o1_0.user_id,o1_0.wallet_deduction from orders o1_0 where (? is null or ?='' or lower(o1_0.order_status)=lower(?)) and (? is null or ?='' or lower(o1_0.payment_status)=lower(?)) and (? is null or ?='' or lower(coalesce(o1_0.payment_method,'')) like lower(concat('%',?,'%')) escape '') and (? is null or ?='' or lower(o1_0.order_number) like lower(concat('%',?,'%')) escape '' or lower(o1_0.shipping_name) like lower(concat('%',?,'%')) escape '' or lower(o1_0.shipping_email) like lower(concat('%',?,'%')) escape '' or o1_0.shipping_phone like concat('%',?,'%') escape '') and (? is null or exists(select 1 from order_items oi1_0 where oi1_0.order_id=o1_0.id and oi1_0.seller_id=?)) order by o1_0.created_at desc limit ?] [Unknown column 'o1_0.address_id' in 'field list'] [n/a]
	at org.hibernate.exception.internal.SQLExceptionTypeDelegate.convert(SQLExceptionTypeDelegate.java:66)
	at org.hibernate.exception.internal.StandardSQLExceptionConverter.convert(StandardSQLExceptionConverter.java:58)
	at org.hibernate.engine.jdbc.spi.SqlExceptionHelper.convert(SqlExceptionHelper.java:108)
	at org.hibernate.engine.jdbc.spi.SqlExceptionHelper.convert(SqlExceptionHelper.java:94)
	at org.hibernate.sql.results.jdbc.internal.DeferredResultSetAccess.executeQuery(DeferredResultSetAccess.java:269)
	at org.hibernate.sql.results.jdbc.internal.DeferredResultSetAccess.getResultSet(DeferredResultSetAccess.java:172)
	at org.hibernate.sql.results.jdbc.internal.JdbcValuesResultSetImpl.<init>(JdbcValuesResultSetImpl.java:74)
	at org.hibernate.sql.exec.internal.JdbcSelectExecutorStandardImpl.resolveJdbcValuesSource(JdbcSelectExecutorStandardImpl.java:355)
	at org.hibernate.sql.exec.internal.JdbcSelectExecutorStandardImpl.doExecuteQuery(JdbcSelectExecutorStandardImpl.java:137)
	at org.hibernate.sql.exec.internal.JdbcSelectExecutorStandardImpl.executeQuery(JdbcSelectExecutorStandardImpl.java:102)
	at org.hibernate.sql.exec.spi.JdbcSelectExecutor.executeQuery(JdbcSelectExecutor.java:91)
	at org.hibernate.sql.exec.spi.JdbcSelectExecutor.list(JdbcSelectExecutor.java:165)
	at org.hibernate.query.sqm.internal.ConcreteSqmSelectQueryPlan.lambda$new$1(ConcreteSqmSelectQueryPlan.java:149)
	at org.hibernate.query.sqm.internal.ConcreteSqmSelectQueryPlan.withCacheableSqmInterpretation(ConcreteSqmSelectQueryPlan.java:439)
	at org.hibernate.query.sqm.internal.ConcreteSqmSelectQueryPlan.performList(ConcreteSqmSelectQueryPlan.java:359)
	at org.hibernate.query.sqm.internal.QuerySqmImpl.doList(QuerySqmImpl.java:364)
	at org.hibernate.query.spi.AbstractSelectionQuery.list(AbstractSelectionQuery.java:143)
	at org.hibernate.query.Query.getResultList(Query.java:120)
	at org.springframework.data.jpa.repository.query.JpaQueryExecution$PagedExecution.doExecute(JpaQueryExecution.java:207)
	at org.springframework.data.jpa.repository.query.JpaQueryExecution.execute(JpaQueryExecution.java:95)
	at org.springframework.data.jpa.repository.query.AbstractJpaQuery.doExecute(AbstractJpaQuery.java:160)
	at org.springframework.data.jpa.repository.query.AbstractJpaQuery.execute(AbstractJpaQuery.java:148)
	at org.springframework.data.repository.core.support.RepositoryMethodInvoker.doInvoke(RepositoryMethodInvoker.java:170)
	at org.springframework.data.repository.core.support.RepositoryMethodInvoker.invoke(RepositoryMethodInvoker.java:158)
	at org.springframework.data.repository.core.support.QueryExecutorMethodInterceptor.doInvoke(QueryExecutorMethodInterceptor.java:170)
	at org.springframework.data.repository.core.support.QueryExecutorMethodInterceptor.invoke(QueryExecutorMethodInterceptor.java:149)
	at org.springframework.aop.framework.ReflectiveMethodInvocation.proceed(ReflectiveMethodInvocation.java:184)
	at org.springframework.data.projection.DefaultMethodInvokingMethodInterceptor.invoke(DefaultMethodInvokingMethodInterceptor.java:69)
	at org.springframework.aop.framework.ReflectiveMethodInvocation.proceed(ReflectiveMethodInvocation.java:184)
	at org.springframework.transaction.interceptor.TransactionAspectSupport.invokeWithinTransaction(TransactionAspectSupport.java:380)
	at org.springframework.transaction.interceptor.TransactionInterceptor.invoke(TransactionInterceptor.java:119)
	at org.springframework.aop.framework.ReflectiveMethodInvocation.proceed(ReflectiveMethodInvocation.java:184)
	at org.springframework.dao.support.PersistenceExceptionTranslationInterceptor.invoke(PersistenceExceptionTranslationInterceptor.java:138)
	... 132 common frames omitted
Caused by: java.sql.SQLSyntaxErrorException: Unknown column 'o1_0.address_id' in 'field list'
	at com.mysql.cj.jdbc.exceptions.SQLError.createSQLException(SQLError.java:112)
	at com.mysql.cj.jdbc.exceptions.SQLExceptionsMapping.translateException(SQLExceptionsMapping.java:114)
	at com.mysql.cj.jdbc.ClientPreparedStatement.executeInternal(ClientPreparedStatement.java:988)
	at com.mysql.cj.jdbc.ClientPreparedStatement.executeQuery(ClientPreparedStatement.java:1056)
	at com.zaxxer.hikari.pool.ProxyPreparedStatement.executeQuery(ProxyPreparedStatement.java:52)
	at com.zaxxer.hikari.pool.HikariProxyPreparedStatement.executeQuery(HikariProxyPreparedStatement.java)
	at org.hibernate.sql.results.jdbc.internal.DeferredResultSetAccess.executeQuery(DeferredResultSetAccess.java:251)
	... 160 common frames omitted
2026-07-15 17:30:49.570 WARN  [http-nio-0.0.0.0-8082-exec-3] o.s.w.s.m.m.a.ExceptionHandlerExceptionResolver - Resolved [org.springframework.dao.InvalidDataAccessResourceUsageException: JDBC exception executing SQL [select o1_0.id,o1_0.address_id,o1_0.billing_address1,o1_0.billing_address2,o1_0.billing_city,o1_0.billing_country,o1_0.billing_email,o1_0.billing_name,o1_0.billing_phone,o1_0.billing_pincode,o1_0.billing_state,o1_0.created_at,o1_0.discount_amount,o1_0.gst_info,o1_0.gst_number,o1_0.order_notes,o1_0.order_number,o1_0.order_status,o1_0.payment_method,o1_0.payment_status,o1_0.razorpay_order_id,o1_0.razorpay_payment_id,o1_0.razorpay_signature,o1_0.referral_discount_amount,o1_0.referral_discount_percent,o1_0.seller_payment_status,o1_0.session_id,o1_0.shipping_address1,o1_0.shipping_address2,o1_0.shipping_amount,o1_0.shipping_city,o1_0.shipping_country,o1_0.shipping_email,o1_0.shipping_name,o1_0.shipping_phone,o1_0.shipping_pincode,o1_0.shipping_state,o1_0.shiprocket_awb_code,o1_0.shiprocket_courier_name,o1_0.shiprocket_order_id,o1_0.shiprocket_pushed_at,o1_0.shiprocket_shipment_id,o1_0.shiprocket_status,o1_0.shiprocket_synced_at,o1_0.shiprocket_tracking_url,o1_0.tax_amount,o1_0.total_amount,o1_0.updated_at,o1_0.user_id,o1_0.wallet_deduction from orders o1_0 where (? is null or ?='' or lower(o1_0.order_status)=lower(?)) and (? is null or ?='' or lower(o1_0.payment_status)=lower(?)) and (? is null or ?='' or lower(coalesce(o1_0.payment_method,'')) like lower(concat('%',?,'%')) escape '') and (? is null or ?='' or lower(o1_0.order_number) like lower(concat('%',?,'%')) escape '' or lower(o1_0.shipping_name) like lower(concat('%',?,'%')) escape '' or lower(o1_0.shipping_email) like lower(concat('%',?,'%')) escape '' or o1_0.shipping_phone like concat('%',?,'%') escape '') and (? is null or exists(select 1 from order_items oi1_0 where oi1_0.order_id=o1_0.id and oi1_0.seller_id=?)) order by o1_0.created_at desc limit ?] [Unknown column 'o1_0.address_id' in 'field list'] [n/a]; SQL [n/a]]
2026-07-15 17:30:49.572 ERROR [http-nio-0.0.0.0-8082-exec-3] c.e.a.logging.AdminRequestLoggingFilter - API GET /api/admin/orders?sellerId=248&page=0&size=3 -> 500 (119 ms) adminId=4
2026-07-15 17:30:49.657 DEBUG [http-nio-0.0.0.0-8082-exec-4] org.hibernate.SQL - 
    UPDATE
        seller_bank_verifications 
    SET
        status = 'expired',
        updated_at = CURRENT_TIMESTAMP 
    WHERE
        status IN ('pending', 'processing')   
        AND expires_at IS NOT NULL   
        AND expires_at < NOW() 
Hibernate: 
    UPDATE
        seller_bank_verifications 
    SET
        status = 'expired',
        updated_at = CURRENT_TIMESTAMP 
    WHERE
        status IN ('pending', 'processing')   
        AND expires_at IS NOT NULL   
        AND expires_at < NOW() 
2026-07-15 17:30:49.674 DEBUG [http-nio-0.0.0.0-8082-exec-4] org.hibernate.SQL - 
    SELECT
        effective_status,
        COUNT(*) AS cnt 
    FROM
        (     SELECT
            CASE                
                WHEN v.status IN ('pending', 'processing')                     
                AND v.expires_at IS NOT NULL                     
                AND v.expires_at < NOW() 
                    THEN 'expired'                
                ELSE LOWER(v.status)            
        END AS effective_status     
    FROM
        seller_bank_verifications v     
    INNER JOIN
        (         SELECT
            seller_id, MAX(id) AS max_id         
        FROM
            seller_bank_verifications         
        GROUP BY
            seller_id     ) latest 
            ON latest.max_id = v.id ) t 
GROUP BY
    effective_status 
Hibernate: 
    SELECT
        effective_status,
        COUNT(*) AS cnt 
    FROM
        (     SELECT
            CASE                
                WHEN v.status IN ('pending', 'processing')                     
                AND v.expires_at IS NOT NULL                     
                AND v.expires_at < NOW() 
                    THEN 'expired'                
                ELSE LOWER(v.status)            
        END AS effective_status     
    FROM
        seller_bank_verifications v     
    INNER JOIN
        (         SELECT
            seller_id, MAX(id) AS max_id         
        FROM
            seller_bank_verifications         
        GROUP BY
            seller_id     ) latest 
            ON latest.max_id = v.id ) t 
GROUP BY
    effective_status 
2026-07-15 17:30:49.689 DEBUG [http-nio-0.0.0.0-8082-exec-4] org.hibernate.SQL - 
    SELECT
        DISTINCT seller_id 
    FROM
        seller_bank_verifications 
Hibernate: 
    SELECT
        DISTINCT seller_id 
    FROM
        seller_bank_verifications 
2026-07-15 17:30:49.692 DEBUG [http-nio-0.0.0.0-8082-exec-4] org.hibernate.SQL - 
    select
        count(s1_0.id) 
    from
        sellers s1_0 
    where
        s1_0.bank_name is not null 
        and (
            s1_0.bank_verified is null 
            or s1_0.bank_verified=0
        )
Hibernate: 
    select
        count(s1_0.id) 
    from
        sellers s1_0 
    where
        s1_0.bank_name is not null 
        and (
            s1_0.bank_verified is null 
            or s1_0.bank_verified=0
        )
2026-07-15 17:30:49.692 DEBUG [http-nio-0.0.0.0-8082-exec-4] org.hibernate.SQL - 
    select
        count(s1_0.id) 
    from
        sellers s1_0 
    where
        s1_0.bank_verified=1
Hibernate: 
    select
        count(s1_0.id) 
    from
        sellers s1_0 
    where
        s1_0.bank_verified=1
2026-07-15 17:30:49.704 DEBUG [http-nio-0.0.0.0-8082-exec-4] org.hibernate.SQL - 
    select
        s1_0.id,
        s1_0.aadhaar_number,
        s1_0.aadhar_back,
        s1_0.aadhar_front,
        s1_0.account_holder,
        s1_0.account_number,
        s1_0.address,
        s1_0.admin_remarks,
        s1_0.area,
        s1_0.bank_name,
        s1_0.bank_proof,
        s1_0.bank_verified,
        s1_0.branch_name,
        s1_0.business_name,
        s1_0.business_proof,
        s1_0.business_type,
        s1_0.cancelled_cheque,
        s1_0.city,
        s1_0.company_pan,
        s1_0.company_pan_doc,
        s1_0.country,
        s1_0.created_at,
        s1_0.email,
        s1_0.email_verification_token,
        s1_0.email_verified,
        s1_0.email_verified_at,
        s1_0.first_name,
        s1_0.gst_number,
        s1_0.gst_type,
        s1_0.has_gst,
        s1_0.iec_certificate,
        s1_0.ifsc_code,
        s1_0.incorporation_certificate,
        s1_0.kyc_completed,
        s1_0.kyc_remarks,
        s1_0.kyc_submitted_at,
        s1_0.kyc_verified,
        s1_0.kyc_verified_at,
        s1_0.landmark,
        s1_0.last_login_at,
        s1_0.last_login_ip,
        s1_0.last_name,
        s1_0.live_selfie,
        s1_0.mobile,
        s1_0.mobile_verified,
        s1_0.mobile_verified_at,
        s1_0.msme_certificate,
        s1_0.otp,
        s1_0.otp_expires_at,
        s1_0.otp_sent_at,
        s1_0.pan_card,
        s1_0.pan_number,
        s1_0.partnership_deed,
        s1_0.password,
        s1_0.password_reset_expires_at,
        s1_0.password_reset_token,
        s1_0.pincode,
        s1_0.profile_completed,
        s1_0.profile_needs_verification,
        s1_0.profile_pic,
        s1_0.profile_updated_at,
        s1_0.referral_code,
        s1_0.referred_by_seller_id,
        s1_0.road_number,
        s1_0.seller_category,
        s1_0.seller_unique_id,
        s1_0.state,
        s1_0.status,
        s1_0.updated_at,
        s1_0.wallet_balance,
        s1_0.warehouse_address,
        s1_0.warehouse_area,
        s1_0.warehouse_city,
        s1_0.warehouse_country,
        s1_0.warehouse_state 
    from
        sellers s1_0 
    where
        s1_0.bank_name is not null 
        and (
            s1_0.bank_verified is null 
            or s1_0.bank_verified=0
        ) 
    order by
        s1_0.updated_at desc
Hibernate: 
    select
        s1_0.id,
        s1_0.aadhaar_number,
        s1_0.aadhar_back,
        s1_0.aadhar_front,
        s1_0.account_holder,
        s1_0.account_number,
        s1_0.address,
        s1_0.admin_remarks,
        s1_0.area,
        s1_0.bank_name,
        s1_0.bank_proof,
        s1_0.bank_verified,
        s1_0.branch_name,
        s1_0.business_name,
        s1_0.business_proof,
        s1_0.business_type,
        s1_0.cancelled_cheque,
        s1_0.city,
        s1_0.company_pan,
        s1_0.company_pan_doc,
        s1_0.country,
        s1_0.created_at,
        s1_0.email,
        s1_0.email_verification_token,
        s1_0.email_verified,
        s1_0.email_verified_at,
        s1_0.first_name,
        s1_0.gst_number,
        s1_0.gst_type,
        s1_0.has_gst,
        s1_0.iec_certificate,
        s1_0.ifsc_code,
        s1_0.incorporation_certificate,
        s1_0.kyc_completed,
        s1_0.kyc_remarks,
        s1_0.kyc_submitted_at,
        s1_0.kyc_verified,
        s1_0.kyc_verified_at,
        s1_0.landmark,
        s1_0.last_login_at,
        s1_0.last_login_ip,
        s1_0.last_name,
        s1_0.live_selfie,
        s1_0.mobile,
        s1_0.mobile_verified,
        s1_0.mobile_verified_at,
        s1_0.msme_certificate,
        s1_0.otp,
        s1_0.otp_expires_at,
        s1_0.otp_sent_at,
        s1_0.pan_card,
        s1_0.pan_number,
        s1_0.partnership_deed,
        s1_0.password,
        s1_0.password_reset_expires_at,
        s1_0.password_reset_token,
        s1_0.pincode,
        s1_0.profile_completed,
        s1_0.profile_needs_verification,
        s1_0.profile_pic,
        s1_0.profile_updated_at,
        s1_0.referral_code,
        s1_0.referred_by_seller_id,
        s1_0.road_number,
        s1_0.seller_category,
        s1_0.seller_unique_id,
        s1_0.state,
        s1_0.status,
        s1_0.updated_at,
        s1_0.wallet_balance,
        s1_0.warehouse_address,
        s1_0.warehouse_area,
        s1_0.warehouse_city,
        s1_0.warehouse_country,
        s1_0.warehouse_state 
    from
        sellers s1_0 
    where
        s1_0.bank_name is not null 
        and (
            s1_0.bank_verified is null 
            or s1_0.bank_verified=0
        ) 
    order by
        s1_0.updated_at desc
2026-07-15 17:30:49.741 DEBUG [http-nio-0.0.0.0-8082-exec-4] org.hibernate.SQL - 
    select
        s1_0.id,
        s1_0.aadhaar_number,
        s1_0.aadhar_back,
        s1_0.aadhar_front,
        s1_0.account_holder,
        s1_0.account_number,
        s1_0.address,
        s1_0.admin_remarks,
        s1_0.area,
        s1_0.bank_name,
        s1_0.bank_proof,
        s1_0.bank_verified,
        s1_0.branch_name,
        s1_0.business_name,
        s1_0.business_proof,
        s1_0.business_type,
        s1_0.cancelled_cheque,
        s1_0.city,
        s1_0.company_pan,
        s1_0.company_pan_doc,
        s1_0.country,
        s1_0.created_at,
        s1_0.email,
        s1_0.email_verification_token,
        s1_0.email_verified,
        s1_0.email_verified_at,
        s1_0.first_name,
        s1_0.gst_number,
        s1_0.gst_type,
        s1_0.has_gst,
        s1_0.iec_certificate,
        s1_0.ifsc_code,
        s1_0.incorporation_certificate,
        s1_0.kyc_completed,
        s1_0.kyc_remarks,
        s1_0.kyc_submitted_at,
        s1_0.kyc_verified,
        s1_0.kyc_verified_at,
        s1_0.landmark,
        s1_0.last_login_at,
        s1_0.last_login_ip,
        s1_0.last_name,
        s1_0.live_selfie,
        s1_0.mobile,
        s1_0.mobile_verified,
        s1_0.mobile_verified_at,
        s1_0.msme_certificate,
        s1_0.otp,
        s1_0.otp_expires_at,
        s1_0.otp_sent_at,
        s1_0.pan_card,
        s1_0.pan_number,
        s1_0.partnership_deed,
        s1_0.password,
        s1_0.password_reset_expires_at,
        s1_0.password_reset_token,
        s1_0.pincode,
        s1_0.profile_completed,
        s1_0.profile_needs_verification,
        s1_0.profile_pic,
        s1_0.profile_updated_at,
        s1_0.referral_code,
        s1_0.referred_by_seller_id,
        s1_0.road_number,
        s1_0.seller_category,
        s1_0.seller_unique_id,
        s1_0.state,
        s1_0.status,
        s1_0.updated_at,
        s1_0.wallet_balance,
        s1_0.warehouse_address,
        s1_0.warehouse_area,
        s1_0.warehouse_city,
        s1_0.warehouse_country,
        s1_0.warehouse_state 
    from
        sellers s1_0 
    where
        s1_0.bank_name is not null 
        and s1_0.bank_verified=1 
    order by
        s1_0.updated_at desc
Hibernate: 
    select
        s1_0.id,
        s1_0.aadhaar_number,
        s1_0.aadhar_back,
        s1_0.aadhar_front,
        s1_0.account_holder,
        s1_0.account_number,
        s1_0.address,
        s1_0.admin_remarks,
        s1_0.area,
        s1_0.bank_name,
        s1_0.bank_proof,
        s1_0.bank_verified,
        s1_0.branch_name,
        s1_0.business_name,
        s1_0.business_proof,
        s1_0.business_type,
        s1_0.cancelled_cheque,
        s1_0.city,
        s1_0.company_pan,
        s1_0.company_pan_doc,
        s1_0.country,
        s1_0.created_at,
        s1_0.email,
        s1_0.email_verification_token,
        s1_0.email_verified,
        s1_0.email_verified_at,
        s1_0.first_name,
        s1_0.gst_number,
        s1_0.gst_type,
        s1_0.has_gst,
        s1_0.iec_certificate,
        s1_0.ifsc_code,
        s1_0.incorporation_certificate,
        s1_0.kyc_completed,
        s1_0.kyc_remarks,
        s1_0.kyc_submitted_at,
        s1_0.kyc_verified,
        s1_0.kyc_verified_at,
        s1_0.landmark,
        s1_0.last_login_at,
        s1_0.last_login_ip,
        s1_0.last_name,
        s1_0.live_selfie,
        s1_0.mobile,
        s1_0.mobile_verified,
        s1_0.mobile_verified_at,
        s1_0.msme_certificate,
        s1_0.otp,
        s1_0.otp_expires_at,
        s1_0.otp_sent_at,
        s1_0.pan_card,
        s1_0.pan_number,
        s1_0.partnership_deed,
        s1_0.password,
        s1_0.password_reset_expires_at,
        s1_0.password_reset_token,
        s1_0.pincode,
        s1_0.profile_completed,
        s1_0.profile_needs_verification,
        s1_0.profile_pic,
        s1_0.profile_updated_at,
        s1_0.referral_code,
        s1_0.referred_by_seller_id,
        s1_0.road_number,
        s1_0.seller_category,
        s1_0.seller_unique_id,
        s1_0.state,
        s1_0.status,
        s1_0.updated_at,
        s1_0.wallet_balance,
        s1_0.warehouse_address,
        s1_0.warehouse_area,
        s1_0.warehouse_city,
        s1_0.warehouse_country,
        s1_0.warehouse_state 
    from
        sellers s1_0 
    where
        s1_0.bank_name is not null 
        and s1_0.bank_verified=1 
    order by
        s1_0.updated_at desc
2026-07-15 17:30:49.755 INFO  [http-nio-0.0.0.0-8082-exec-4] c.e.a.logging.AdminRequestLoggingFilter - API GET /api/admin/sellers/bank/stats -> 200 (115 ms) adminId=4
2026-07-15 17:30:49.786 DEBUG [http-nio-0.0.0.0-8082-exec-2] org.hibernate.SQL - 
    UPDATE
        seller_bank_verifications 
    SET
        status = 'expired',
        updated_at = CURRENT_TIMESTAMP 
    WHERE
        status IN ('pending', 'processing')   
        AND expires_at IS NOT NULL   
        AND expires_at < NOW() 
Hibernate: 
    UPDATE
        seller_bank_verifications 
    SET
        status = 'expired',
        updated_at = CURRENT_TIMESTAMP 
    WHERE
        status IN ('pending', 'processing')   
        AND expires_at IS NOT NULL   
        AND expires_at < NOW() 
2026-07-15 17:30:49.792 DEBUG [http-nio-0.0.0.0-8082-exec-2] org.hibernate.SQL - 
    SELECT
        v.* 
    FROM
        seller_bank_verifications v 
    INNER JOIN
        (     SELECT
            seller_id, MAX(id) AS max_id     
        FROM
            seller_bank_verifications     
        GROUP BY
            seller_id ) latest 
            ON latest.max_id = v.id 
    WHERE
        (
            CASE         
                WHEN v.status IN ('pending', 'processing')              
                AND v.expires_at IS NOT NULL              
                AND v.expires_at < NOW() 
                    THEN 'expired'         
                ELSE LOWER(v.status)     
        END 
    ) = LOWER(?) 
ORDER BY
    v.updated_at DESC,
    v.id DESC 
limit
    ? 
Hibernate: 
    SELECT
        v.* 
    FROM
        seller_bank_verifications v 
    INNER JOIN
        (     SELECT
            seller_id, MAX(id) AS max_id     
        FROM
            seller_bank_verifications     
        GROUP BY
            seller_id ) latest 
            ON latest.max_id = v.id 
    WHERE
        (
            CASE         
                WHEN v.status IN ('pending', 'processing')              
                AND v.expires_at IS NOT NULL              
                AND v.expires_at < NOW() 
                    THEN 'expired'         
                ELSE LOWER(v.status)     
        END 
    ) = LOWER(?) 
ORDER BY
    v.updated_at DESC,
    v.id DESC 
limit
    ? 
2026-07-15 17:30:49.792 TRACE [http-nio-0.0.0.0-8082-exec-2] org.hibernate.orm.jdbc.bind - binding parameter (1:VARCHAR) <- [pending]
2026-07-15 17:30:49.805 DEBUG [http-nio-0.0.0.0-8082-exec-2] org.hibernate.SQL - 
    select
        count(*) 
    from
        seller_bank_verifications sbv1_0
Hibernate: 
    select
        count(*) 
    from
        seller_bank_verifications sbv1_0
2026-07-15 17:30:49.807 DEBUG [http-nio-0.0.0.0-8082-exec-2] org.hibernate.SQL - 
    SELECT
        * 
    FROM
        sellers s 
    WHERE
        s.bank_name IS NOT NULL   
        AND (
            s.bank_verified IS NULL 
            OR s.bank_verified = 0
        )   
        AND s.id NOT IN (SELECT
            DISTINCT sbv.seller_id 
        FROM
            seller_bank_verifications sbv) 
    ORDER BY
        s.updated_at DESC 
    limit
        ? 
Hibernate: 
    SELECT
        * 
    FROM
        sellers s 
    WHERE
        s.bank_name IS NOT NULL   
        AND (
            s.bank_verified IS NULL 
            OR s.bank_verified = 0
        )   
        AND s.id NOT IN (SELECT
            DISTINCT sbv.seller_id 
        FROM
            seller_bank_verifications sbv) 
    ORDER BY
        s.updated_at DESC 
    limit
        ? 
2026-07-15 17:30:49.812 DEBUG [http-nio-0.0.0.0-8082-exec-2] org.hibernate.SQL - 
    SELECT
        COUNT(*) 
    FROM
        sellers s 
    WHERE
        s.bank_name IS NOT NULL   
        AND (
            s.bank_verified IS NULL 
            OR s.bank_verified = 0
        )   
        AND s.id NOT IN (SELECT
            DISTINCT sbv.seller_id 
        FROM
            seller_bank_verifications sbv) 
Hibernate: 
    SELECT
        COUNT(*) 
    FROM
        sellers s 
    WHERE
        s.bank_name IS NOT NULL   
        AND (
            s.bank_verified IS NULL 
            OR s.bank_verified = 0
        )   
        AND s.id NOT IN (SELECT
            DISTINCT sbv.seller_id 
        FROM
            seller_bank_verifications sbv) 
2026-07-15 17:30:49.817 DEBUG [http-nio-0.0.0.0-8082-exec-2] org.hibernate.SQL - 
    SELECT
        oi.seller_id,
        COALESCE(SUM(oi.total), 0) 
    FROM
        order_items oi 
    WHERE
        oi.seller_id IS NOT NULL 
    GROUP BY
        oi.seller_id 
Hibernate: 
    SELECT
        oi.seller_id,
        COALESCE(SUM(oi.total), 0) 
    FROM
        order_items oi 
    WHERE
        oi.seller_id IS NOT NULL 
    GROUP BY
        oi.seller_id 
2026-07-15 17:30:49.824 DEBUG [http-nio-0.0.0.0-8082-exec-2] org.hibernate.SQL - 
    select
        p1_0.seller_id,
        count(p1_0.id) 
    from
        products p1_0 
    where
        p1_0.seller_id in (?) 
    group by
        p1_0.seller_id
Hibernate: 
    select
        p1_0.seller_id,
        count(p1_0.id) 
    from
        products p1_0 
    where
        p1_0.seller_id in (?) 
    group by
        p1_0.seller_id
2026-07-15 17:30:49.824 TRACE [http-nio-0.0.0.0-8082-exec-2] org.hibernate.orm.jdbc.bind - binding parameter (1:BIGINT) <- [286]
2026-07-15 17:30:49.824 DEBUG [http-nio-0.0.0.0-8082-exec-2] org.hibernate.SQL - 
    SELECT
        oi.seller_id,
        COUNT(DISTINCT oi.order_id) 
    FROM
        order_items oi 
    WHERE
        oi.seller_id IS NOT NULL 
    GROUP BY
        oi.seller_id 
Hibernate: 
    SELECT
        oi.seller_id,
        COUNT(DISTINCT oi.order_id) 
    FROM
        order_items oi 
    WHERE
        oi.seller_id IS NOT NULL 
    GROUP BY
        oi.seller_id 
2026-07-15 17:30:49.834 DEBUG [http-nio-0.0.0.0-8082-exec-2] org.hibernate.SQL - 
    select
        ski1_0.id,
        ski1_0.captured_at,
        ski1_0.doc_type,
        ski1_0.file_name,
        ski1_0.image_path,
        ski1_0.image_type,
        ski1_0.seller_id 
    from
        seller_kyc_images ski1_0 
    where
        ski1_0.seller_id in (?) 
        and ski1_0.doc_type='live_selfie' 
    order by
        ski1_0.captured_at desc
Hibernate: 
    select
        ski1_0.id,
        ski1_0.captured_at,
        ski1_0.doc_type,
        ski1_0.file_name,
        ski1_0.image_path,
        ski1_0.image_type,
        ski1_0.seller_id 
    from
        seller_kyc_images ski1_0 
    where
        ski1_0.seller_id in (?) 
        and ski1_0.doc_type='live_selfie' 
    order by
        ski1_0.captured_at desc
2026-07-15 17:30:49.835 TRACE [http-nio-0.0.0.0-8082-exec-2] org.hibernate.orm.jdbc.bind - binding parameter (1:BIGINT) <- [286]
2026-07-15 17:30:49.840 DEBUG [http-nio-0.0.0.0-8082-exec-2] org.hibernate.SQL - 
    select
        ski1_0.id,
        ski1_0.captured_at,
        ski1_0.doc_type,
        ski1_0.file_name,
        ski1_0.image_path,
        ski1_0.image_type,
        ski1_0.seller_id 
    from
        seller_kyc_images ski1_0 
    where
        ski1_0.seller_id in (?) 
        and ski1_0.image_type='face' 
        and ski1_0.image_path is not null 
        and trim(BOTH from ski1_0.image_path)<>'' 
    order by
        ski1_0.captured_at desc
Hibernate: 
    select
        ski1_0.id,
        ski1_0.captured_at,
        ski1_0.doc_type,
        ski1_0.file_name,
        ski1_0.image_path,
        ski1_0.image_type,
        ski1_0.seller_id 
    from
        seller_kyc_images ski1_0 
    where
        ski1_0.seller_id in (?) 
        and ski1_0.image_type='face' 
        and ski1_0.image_path is not null 
        and trim(BOTH from ski1_0.image_path)<>'' 
    order by
        ski1_0.captured_at desc
2026-07-15 17:30:49.840 TRACE [http-nio-0.0.0.0-8082-exec-2] org.hibernate.orm.jdbc.bind - binding parameter (1:BIGINT) <- [286]
2026-07-15 17:30:49.840 DEBUG [http-nio-0.0.0.0-8082-exec-2] org.hibernate.SQL - 
    select
        ski1_0.seller_id,
        count(ski1_0.id) 
    from
        seller_kyc_images ski1_0 
    where
        ski1_0.seller_id in (?) 
    group by
        ski1_0.seller_id
Hibernate: 
    select
        ski1_0.seller_id,
        count(ski1_0.id) 
    from
        seller_kyc_images ski1_0 
    where
        ski1_0.seller_id in (?) 
    group by
        ski1_0.seller_id
2026-07-15 17:30:49.840 TRACE [http-nio-0.0.0.0-8082-exec-2] org.hibernate.orm.jdbc.bind - binding parameter (1:BIGINT) <- [286]
2026-07-15 17:30:49.857 INFO  [http-nio-0.0.0.0-8082-exec-2] c.e.a.logging.AdminRequestLoggingFilter - API GET /api/admin/sellers/bank/verifications?status=pending&page=0&size=1 -> 200 (83 ms) adminId=4
[ERROR] Failed to execute goal org.springframework.boot:spring-boot-maven-plugin:3.5.14:run (default-cli) on project admin-service: Process terminated with exit code: -1 -> [Help 1]
[ERROR] 
[ERROR] To see the full stack trace of the errors, re-run Maven with the -e switch.
[ERROR] Re-run Maven using the -X switch to enable full debug logging.
[ERROR] 
[ERROR] For more information about the errors and possible solutions, please read the following articles:
[ERROR] [Help 1] http://cwiki.apache.org/confluence/display/MAVEN/MojoExecutionException
